conn=0x55f451b52710, PGAPI_DriverConnect( in)='DSN=Anodisation', fDriverCompletion=0
DSN info: DSN='Anodisation',server='serveursn',port='5432',dbase='Anodisation_test',user='fprovost',passwd='xxxxx'
          onlyread='',showoid='',fakeoidindex='',showsystable=''
          conn_settings='(null)', conn_encoding='(null)'
          translation_dll='',translation_option=''
Driver Version='09.05.0400,'
Global Options: fetch=100, unknown_sizes=0, max_varchar_size=255, max_longvarchar_size=8190
                unique_index=1, use_declarefetch=0
                text_as_longvarchar=1, unknowns_as_longvarchar=0, bools_as_char=1 NAMEDATALEN=64
                extra_systable_prefixes='dd_', conn_settings='(null)' conn_encoding=''
conn=0x55f451b52710, query='SET DateStyle = 'ISO''
conn=0x55f451b52710, query='SET extra_float_digits = 2'
conn=0x55f451b52710, query='select oid, typbasetype from pg_type where typname = 'lo''
    [ Large Object oid = -999 ]
    [ Client encoding = 'UTF8' (code = 6) ]
conn=0x55f451b52710, PGAPI_DriverConnect(out)='DSN=Anodisation;DATABASE=Anodisation_test;SERVER=serveursn;PORT=5432;UID=fprovost;PWD=afulot39;CA=d;A6=;A7=100;B0=255;B1=8190;BI=0;C2=dd_;CX=1c205048a;A1=7.4'
ParseAndDescribeWithLibpq: plan_name=_PLAN0x55f451c2d610 query=SELECT id_processus, nom_processus FROM processus ORDER BY id_processus
ParseWithLibpq: plan_name=_PLAN0x55f451c2d610 query=SELECT id_processus, nom_processus FROM processus ORDER BY id_processus
conn=0x55f451b52710, query='select n.nspname, c.relname, a.attname, a.atttypid, t.typname, a.attnum, a.attlen, a.atttypmod, a.attnotnull, c.relhasrules, c.relkind, c.oid, pg_get_expr(d.adbin, d.adrelid), case t.typtype when 'd' then t.typbasetype else 0 end, t.typtypmod, c.relhasoids from (((pg_catalog.pg_class c inner join pg_catalog.pg_namespace n on n.oid = c.relnamespace and c.oid = 27621) inner join pg_catalog.pg_attribute a on (not a.attisdropped) and a.attnum > 0 and a.attrelid = c.oid) inner join pg_catalog.pg_type t on t.oid = a.atttypid) left outer join pg_attrdef d on a.atthasdef and d.adrelid = a.attrelid and d.adnum = a.attnum order by n.nspname, c.relname, attnum'
PGAPI_Columns: table='processus',field_name='id_processus',type=23,name='int4'
PGAPI_Columns: table='processus',field_name='nom_processus',type=1042,name='bpchar'
PGAPI_Columns: table='processus',field_name='processus_valide',type=16,name='bool'
PGAPI_Columns: table='processus',field_name='duree_processus',type=1083,name='time'
ParseAndDescribeWithLibpq: plan_name=_PLAN0x55f451bae690 query=SELECT * FROM trajectoires ORDER BY id_trajectoire
ParseWithLibpq: plan_name=_PLAN0x55f451bae690 query=SELECT * FROM trajectoires ORDER BY id_trajectoire
conn=0x55f451b52710, query='select n.nspname, c.relname, a.attname, a.atttypid, t.typname, a.attnum, a.attlen, a.atttypmod, a.attnotnull, c.relhasrules, c.relkind, c.oid, pg_get_expr(d.adbin, d.adrelid), case t.typtype when 'd' then t.typbasetype else 0 end, t.typtypmod, c.relhasoids from (((pg_catalog.pg_class c inner join pg_catalog.pg_namespace n on n.oid = c.relnamespace and c.oid = 27630) inner join pg_catalog.pg_attribute a on (not a.attisdropped) and a.attnum > 0 and a.attrelid = c.oid) inner join pg_catalog.pg_type t on t.oid = a.atttypid) left outer join pg_attrdef d on a.atthasdef and d.adrelid = a.attrelid and d.adnum = a.attnum order by n.nspname, c.relname, attnum'
PGAPI_Columns: table='trajectoires',field_name='id_trajectoire',type=23,name='int4'
PGAPI_Columns: table='trajectoires',field_name='nom_trajectoire',type=1042,name='bpchar'
PGAPI_Columns: table='trajectoires',field_name='contenu_trajectoire',type=25,name='text'
PGAPI_Columns: table='trajectoires',field_name='duree_trajectoire',type=1083,name='time'
ParseAndDescribeWithLibpq: plan_name=_PLAN0x55f451c6bfe0 query=SELECT duree_processus FROM processus WHERE id_processus=1
ParseWithLibpq: plan_name=_PLAN0x55f451c6bfe0 query=SELECT duree_processus FROM processus WHERE id_processus=1
ParseAndDescribeWithLibpq: plan_name=_PLAN0x55f451c70a00 query=SELECT nom_processus FROM processus WHERE id_processus=1
ParseWithLibpq: plan_name=_PLAN0x55f451c70a00 query=SELECT nom_processus FROM processus WHERE id_processus=1
ParseAndDescribeWithLibpq: plan_name=_PLAN0x55f451c75730 query=SELECT ordre_trajectoires FROM intermediaire_processus_trajectoires WHERE id_p=1
ParseWithLibpq: plan_name=_PLAN0x55f451c75730 query=SELECT ordre_trajectoires FROM intermediaire_processus_trajectoires WHERE id_p=1
conn=0x55f451b52710, query='select n.nspname, c.relname, a.attname, a.atttypid, t.typname, a.attnum, a.attlen, a.atttypmod, a.attnotnull, c.relhasrules, c.relkind, c.oid, pg_get_expr(d.adbin, d.adrelid), case t.typtype when 'd' then t.typbasetype else 0 end, t.typtypmod, c.relhasoids from (((pg_catalog.pg_class c inner join pg_catalog.pg_namespace n on n.oid = c.relnamespace and c.oid = 27650) inner join pg_catalog.pg_attribute a on (not a.attisdropped) and a.attnum > 0 and a.attrelid = c.oid) inner join pg_catalog.pg_type t on t.oid = a.atttypid) left outer join pg_attrdef d on a.atthasdef and d.adrelid = a.attrelid and d.adnum = a.attnum order by n.nspname, c.relname, attnum'
PGAPI_Columns: table='intermediaire_processus_trajectoires',field_name='id_p',type=23,name='int4'
PGAPI_Columns: table='intermediaire_processus_trajectoires',field_name='id_t',type=23,name='int4'
PGAPI_Columns: table='intermediaire_processus_trajectoires',field_name='ordre_trajectoires',type=25,name='text'
PGAPI_Columns: table='intermediaire_processus_trajectoires',field_name='numero_bain',type=23,name='int4'
PGAPI_Columns: table='intermediaire_processus_trajectoires',field_name='duree_bain',type=1083,name='time'
ParseAndDescribeWithLibpq: plan_name=_PLAN0x55f451c8e030 query=SELECT duree_processus FROM processus WHERE id_processus=2
ParseWithLibpq: plan_name=_PLAN0x55f451c8e030 query=SELECT duree_processus FROM processus WHERE id_processus=2
ParseAndDescribeWithLibpq: plan_name=_PLAN0x55f451c910b0 query=SELECT nom_processus FROM processus WHERE id_processus=2
ParseWithLibpq: plan_name=_PLAN0x55f451c910b0 query=SELECT nom_processus FROM processus WHERE id_processus=2
ParseAndDescribeWithLibpq: plan_name=_PLAN0x55f451ca1cb0 query=SELECT ordre_trajectoires FROM intermediaire_processus_trajectoires WHERE id_p=2
ParseWithLibpq: plan_name=_PLAN0x55f451ca1cb0 query=SELECT ordre_trajectoires FROM intermediaire_processus_trajectoires WHERE id_p=2
ParseAndDescribeWithLibpq: plan_name=_PLAN0x55f451ca9330 query=SELECT duree_processus FROM processus WHERE id_processus=3
ParseWithLibpq: plan_name=_PLAN0x55f451ca9330 query=SELECT duree_processus FROM processus WHERE id_processus=3
ParseAndDescribeWithLibpq: plan_name=_PLAN0x55f451cad4f0 query=SELECT nom_processus FROM processus WHERE id_processus=3
ParseWithLibpq: plan_name=_PLAN0x55f451cad4f0 query=SELECT nom_processus FROM processus WHERE id_processus=3
ParseAndDescribeWithLibpq: plan_name=_PLAN0x55f451cb23d0 query=SELECT ordre_trajectoires FROM intermediaire_processus_trajectoires WHERE id_p=3
ParseWithLibpq: plan_name=_PLAN0x55f451cb23d0 query=SELECT ordre_trajectoires FROM intermediaire_processus_trajectoires WHERE id_p=3
ParseAndDescribeWithLibpq: plan_name=_PLAN0x55f451cb8690 query=SELECT duree_processus FROM processus WHERE id_processus=4
ParseWithLibpq: plan_name=_PLAN0x55f451cb8690 query=SELECT duree_processus FROM processus WHERE id_processus=4
ParseAndDescribeWithLibpq: plan_name=_PLAN0x55f451cbce20 query=SELECT nom_processus FROM processus WHERE id_processus=4
ParseWithLibpq: plan_name=_PLAN0x55f451cbce20 query=SELECT nom_processus FROM processus WHERE id_processus=4
ParseAndDescribeWithLibpq: plan_name=_PLAN0x55f451cc1a40 query=SELECT ordre_trajectoires FROM intermediaire_processus_trajectoires WHERE id_p=4
ParseWithLibpq: plan_name=_PLAN0x55f451cc1a40 query=SELECT ordre_trajectoires FROM intermediaire_processus_trajectoires WHERE id_p=4
ParseAndDescribeWithLibpq: plan_name=_PLAN0x55f451cc7470 query=SELECT duree_processus FROM processus WHERE id_processus=1
ParseWithLibpq: plan_name=_PLAN0x55f451cc7470 query=SELECT duree_processus FROM processus WHERE id_processus=1
ParseAndDescribeWithLibpq: plan_name=_PLAN0x55f451ccb8a0 query=SELECT nom_processus FROM processus WHERE id_processus=1
ParseWithLibpq: plan_name=_PLAN0x55f451ccb8a0 query=SELECT nom_processus FROM processus WHERE id_processus=1
ParseAndDescribeWithLibpq: plan_name=_PLAN0x55f451cd0780 query=SELECT ordre_trajectoires FROM intermediaire_processus_trajectoires WHERE id_p=1
ParseWithLibpq: plan_name=_PLAN0x55f451cd0780 query=SELECT ordre_trajectoires FROM intermediaire_processus_trajectoires WHERE id_p=1
ParseAndDescribeWithLibpq: plan_name=_PLAN0x55f451cd5f80 query=SELECT duree_processus FROM processus WHERE id_processus=2
ParseWithLibpq: plan_name=_PLAN0x55f451cd5f80 query=SELECT duree_processus FROM processus WHERE id_processus=2
ParseAndDescribeWithLibpq: plan_name=_PLAN0x55f451cda360 query=SELECT nom_processus FROM processus WHERE id_processus=2
ParseWithLibpq: plan_name=_PLAN0x55f451cda360 query=SELECT nom_processus FROM processus WHERE id_processus=2
ParseAndDescribeWithLibpq: plan_name=_PLAN0x55f451cdef80 query=SELECT ordre_trajectoires FROM intermediaire_processus_trajectoires WHERE id_p=2
ParseWithLibpq: plan_name=_PLAN0x55f451cdef80 query=SELECT ordre_trajectoires FROM intermediaire_processus_trajectoires WHERE id_p=2
ParseAndDescribeWithLibpq: plan_name=_PLAN0x55f451ce4700 query=SELECT duree_processus FROM processus WHERE id_processus=3
ParseWithLibpq: plan_name=_PLAN0x55f451ce4700 query=SELECT duree_processus FROM processus WHERE id_processus=3
ParseAndDescribeWithLibpq: plan_name=_PLAN0x55f451ce85d0 query=SELECT nom_processus FROM processus WHERE id_processus=3
ParseWithLibpq: plan_name=_PLAN0x55f451ce85d0 query=SELECT nom_processus FROM processus WHERE id_processus=3
ParseAndDescribeWithLibpq: plan_name=_PLAN0x55f451ced190 query=SELECT ordre_trajectoires FROM intermediaire_processus_trajectoires WHERE id_p=3
ParseWithLibpq: plan_name=_PLAN0x55f451ced190 query=SELECT ordre_trajectoires FROM intermediaire_processus_trajectoires WHERE id_p=3
ParseAndDescribeWithLibpq: plan_name=_PLAN0x55f451cf3080 query=SELECT duree_processus FROM processus WHERE id_processus=4
ParseWithLibpq: plan_name=_PLAN0x55f451cf3080 query=SELECT duree_processus FROM processus WHERE id_processus=4
ParseAndDescribeWithLibpq: plan_name=_PLAN0x55f451cf76e0 query=SELECT nom_processus FROM processus WHERE id_processus=4
ParseWithLibpq: plan_name=_PLAN0x55f451cf76e0 query=SELECT nom_processus FROM processus WHERE id_processus=4
ParseAndDescribeWithLibpq: plan_name=_PLAN0x55f451cfc5c0 query=SELECT ordre_trajectoires FROM intermediaire_processus_trajectoires WHERE id_p=4
ParseWithLibpq: plan_name=_PLAN0x55f451cfc5c0 query=SELECT ordre_trajectoires FROM intermediaire_processus_trajectoires WHERE id_p=4
ParseAndDescribeWithLibpq: plan_name=_PLAN0x55f451d01d40 query=SELECT duree_processus FROM processus WHERE id_processus=2
ParseWithLibpq: plan_name=_PLAN0x55f451d01d40 query=SELECT duree_processus FROM processus WHERE id_processus=2
ParseAndDescribeWithLibpq: plan_name=_PLAN0x55f451d05ef0 query=SELECT nom_processus FROM processus WHERE id_processus=2
ParseWithLibpq: plan_name=_PLAN0x55f451d05ef0 query=SELECT nom_processus FROM processus WHERE id_processus=2
ParseAndDescribeWithLibpq: plan_name=_PLAN0x55f451d0ad40 query=SELECT ordre_trajectoires FROM intermediaire_processus_trajectoires WHERE id_p=2
ParseWithLibpq: plan_name=_PLAN0x55f451d0ad40 query=SELECT ordre_trajectoires FROM intermediaire_processus_trajectoires WHERE id_p=2
ParseAndDescribeWithLibpq: plan_name=_PLAN0x55f451d0e940 query=SELECT duree_processus FROM processus WHERE id_processus=3
ParseWithLibpq: plan_name=_PLAN0x55f451d0e940 query=SELECT duree_processus FROM processus WHERE id_processus=3
ParseAndDescribeWithLibpq: plan_name=_PLAN0x55f451d141a0 query=SELECT nom_processus FROM processus WHERE id_processus=3
ParseWithLibpq: plan_name=_PLAN0x55f451d141a0 query=SELECT nom_processus FROM processus WHERE id_processus=3
ParseAndDescribeWithLibpq: plan_name=_PLAN0x55f451d19060 query=SELECT ordre_trajectoires FROM intermediaire_processus_trajectoires WHERE id_p=3
ParseWithLibpq: plan_name=_PLAN0x55f451d19060 query=SELECT ordre_trajectoires FROM intermediaire_processus_trajectoires WHERE id_p=3
ParseAndDescribeWithLibpq: plan_name=_PLAN0x55f451d1ed90 query=SELECT duree_processus FROM processus WHERE id_processus=1
ParseWithLibpq: plan_name=_PLAN0x55f451d1ed90 query=SELECT duree_processus FROM processus WHERE id_processus=1
ParseAndDescribeWithLibpq: plan_name=_PLAN0x55f451d23720 query=SELECT nom_processus FROM processus WHERE id_processus=1
ParseWithLibpq: plan_name=_PLAN0x55f451d23720 query=SELECT nom_processus FROM processus WHERE id_processus=1
ParseAndDescribeWithLibpq: plan_name=_PLAN0x55f451d28320 query=SELECT ordre_trajectoires FROM intermediaire_processus_trajectoires WHERE id_p=1
ParseWithLibpq: plan_name=_PLAN0x55f451d28320 query=SELECT ordre_trajectoires FROM intermediaire_processus_trajectoires WHERE id_p=1
ParseAndDescribeWithLibpq: plan_name=_PLAN0x55f451d2ddc0 query=SELECT duree_processus FROM processus WHERE id_processus=2
ParseWithLibpq: plan_name=_PLAN0x55f451d2ddc0 query=SELECT duree_processus FROM processus WHERE id_processus=2
ParseAndDescribeWithLibpq: plan_name=_PLAN0x55f451d321e0 query=SELECT nom_processus FROM processus WHERE id_processus=2
ParseWithLibpq: plan_name=_PLAN0x55f451d321e0 query=SELECT nom_processus FROM processus WHERE id_processus=2
ParseAndDescribeWithLibpq: plan_name=_PLAN0x55f451d37010 query=SELECT ordre_trajectoires FROM intermediaire_processus_trajectoires WHERE id_p=2
ParseWithLibpq: plan_name=_PLAN0x55f451d37010 query=SELECT ordre_trajectoires FROM intermediaire_processus_trajectoires WHERE id_p=2
ParseAndDescribeWithLibpq: plan_name=_PLAN0x55f451d3adf0 query=SELECT duree_processus FROM processus WHERE id_processus=3
ParseWithLibpq: plan_name=_PLAN0x55f451d3adf0 query=SELECT duree_processus FROM processus WHERE id_processus=3
ParseAndDescribeWithLibpq: plan_name=_PLAN0x55f451d402b0 query=SELECT nom_processus FROM processus WHERE id_processus=3
ParseWithLibpq: plan_name=_PLAN0x55f451d402b0 query=SELECT nom_processus FROM processus WHERE id_processus=3
ParseAndDescribeWithLibpq: plan_name=_PLAN0x55f451d44fe0 query=SELECT ordre_trajectoires FROM intermediaire_processus_trajectoires WHERE id_p=3
ParseWithLibpq: plan_name=_PLAN0x55f451d44fe0 query=SELECT ordre_trajectoires FROM intermediaire_processus_trajectoires WHERE id_p=3
ParseAndDescribeWithLibpq: plan_name=_PLAN0x55f451d4ad80 query=SELECT duree_processus FROM processus WHERE id_processus=4
ParseWithLibpq: plan_name=_PLAN0x55f451d4ad80 query=SELECT duree_processus FROM processus WHERE id_processus=4
ParseAndDescribeWithLibpq: plan_name=_PLAN0x55f451d4f5a0 query=SELECT nom_processus FROM processus WHERE id_processus=4
ParseWithLibpq: plan_name=_PLAN0x55f451d4f5a0 query=SELECT nom_processus FROM processus WHERE id_processus=4
ParseAndDescribeWithLibpq: plan_name=_PLAN0x55f451d541c0 query=SELECT ordre_trajectoires FROM intermediaire_processus_trajectoires WHERE id_p=4
ParseWithLibpq: plan_name=_PLAN0x55f451d541c0 query=SELECT ordre_trajectoires FROM intermediaire_processus_trajectoires WHERE id_p=4
ParseAndDescribeWithLibpq: plan_name=_PLAN0x55f451c91ca0 query=SELECT duree_processus FROM processus WHERE id_processus=1
ParseWithLibpq: plan_name=_PLAN0x55f451c91ca0 query=SELECT duree_processus FROM processus WHERE id_processus=1
ParseAndDescribeWithLibpq: plan_name=_PLAN0x55f451c94810 query=SELECT id_t FROM intermediaire_processus_trajectoires WHERE id_p=1
ParseWithLibpq: plan_name=_PLAN0x55f451c94810 query=SELECT id_t FROM intermediaire_processus_trajectoires WHERE id_p=1
ParseAndDescribeWithLibpq: plan_name=_PLAN0x55f451c99180 query=SELECT id_trajectoire, nom_trajectoire, contenu_trajectoire, duree_trajectoire FROM trajectoires WHERE id_trajectoire=1
ParseWithLibpq: plan_name=_PLAN0x55f451c99180 query=SELECT id_trajectoire, nom_trajectoire, contenu_trajectoire, duree_trajectoire FROM trajectoires WHERE id_trajectoire=1
ParseAndDescribeWithLibpq: plan_name=_PLAN0x55f451d5d100 query=SELECT id_trajectoire, nom_trajectoire, contenu_trajectoire, duree_trajectoire FROM trajectoires WHERE id_trajectoire=2
ParseWithLibpq: plan_name=_PLAN0x55f451d5d100 query=SELECT id_trajectoire, nom_trajectoire, contenu_trajectoire, duree_trajectoire FROM trajectoires WHERE id_trajectoire=2
ParseAndDescribeWithLibpq: plan_name=_PLAN0x55f451d66650 query=SELECT nom_processus FROM processus WHERE id_processus=1
ParseWithLibpq: plan_name=_PLAN0x55f451d66650 query=SELECT nom_processus FROM processus WHERE id_processus=1
ParseAndDescribeWithLibpq: plan_name=_PLAN0x55f451d6d500 query=SELECT ordre_trajectoires FROM intermediaire_processus_trajectoires WHERE id_p=1
ParseWithLibpq: plan_name=_PLAN0x55f451d6d500 query=SELECT ordre_trajectoires FROM intermediaire_processus_trajectoires WHERE id_p=1
