conn=0x559ee3528080, PGAPI_DriverConnect( in)='DSN=Anodisation', fDriverCompletion=0
DSN info: DSN='Anodisation',server='serveursn',port='5432',dbase='Anodisation_test',user='fprovost',passwd='xxxxx'
          onlyread='',showoid='',fakeoidindex='',showsystable=''
          conn_settings='(null)', conn_encoding='(null)'
          translation_dll='',translation_option=''
Driver Version='09.05.0400,'
Global Options: fetch=100, unknown_sizes=0, max_varchar_size=255, max_longvarchar_size=8190
                unique_index=1, use_declarefetch=0
                text_as_longvarchar=1, unknowns_as_longvarchar=0, bools_as_char=1 NAMEDATALEN=64
                extra_systable_prefixes='dd_', conn_settings='(null)' conn_encoding=''
conn=0x559ee3528080, query='SET DateStyle = 'ISO''
conn=0x559ee3528080, query='SET extra_float_digits = 2'
conn=0x559ee3528080, query='select oid, typbasetype from pg_type where typname = 'lo''
    [ Large Object oid = -999 ]
    [ Client encoding = 'UTF8' (code = 6) ]
conn=0x559ee3528080, PGAPI_DriverConnect(out)='DSN=Anodisation;DATABASE=Anodisation_test;SERVER=serveursn;PORT=5432;UID=fprovost;PWD=afulot39;CA=d;A6=;A7=100;B0=255;B1=8190;BI=0;C2=dd_;CX=1c205048a;A1=7.4'
ParseAndDescribeWithLibpq: plan_name=_PLAN0x559ee360e490 query=SELECT id_processus, nom_processus FROM processus ORDER BY id_processus
ParseWithLibpq: plan_name=_PLAN0x559ee360e490 query=SELECT id_processus, nom_processus FROM processus ORDER BY id_processus
conn=0x559ee3528080, query='select n.nspname, c.relname, a.attname, a.atttypid, t.typname, a.attnum, a.attlen, a.atttypmod, a.attnotnull, c.relhasrules, c.relkind, c.oid, pg_get_expr(d.adbin, d.adrelid), case t.typtype when 'd' then t.typbasetype else 0 end, t.typtypmod, c.relhasoids from (((pg_catalog.pg_class c inner join pg_catalog.pg_namespace n on n.oid = c.relnamespace and c.oid = 27621) inner join pg_catalog.pg_attribute a on (not a.attisdropped) and a.attnum > 0 and a.attrelid = c.oid) inner join pg_catalog.pg_type t on t.oid = a.atttypid) left outer join pg_attrdef d on a.atthasdef and d.adrelid = a.attrelid and d.adnum = a.attnum order by n.nspname, c.relname, attnum'
PGAPI_Columns: table='processus',field_name='id_processus',type=23,name='int4'
PGAPI_Columns: table='processus',field_name='nom_processus',type=1042,name='bpchar'
PGAPI_Columns: table='processus',field_name='processus_valide',type=16,name='bool'
PGAPI_Columns: table='processus',field_name='duree_processus',type=1083,name='time'
ParseAndDescribeWithLibpq: plan_name=_PLAN0x559ee3608e90 query=SELECT * FROM trajectoires ORDER BY id_trajectoire
ParseWithLibpq: plan_name=_PLAN0x559ee3608e90 query=SELECT * FROM trajectoires ORDER BY id_trajectoire
conn=0x559ee3528080, query='select n.nspname, c.relname, a.attname, a.atttypid, t.typname, a.attnum, a.attlen, a.atttypmod, a.attnotnull, c.relhasrules, c.relkind, c.oid, pg_get_expr(d.adbin, d.adrelid), case t.typtype when 'd' then t.typbasetype else 0 end, t.typtypmod, c.relhasoids from (((pg_catalog.pg_class c inner join pg_catalog.pg_namespace n on n.oid = c.relnamespace and c.oid = 27630) inner join pg_catalog.pg_attribute a on (not a.attisdropped) and a.attnum > 0 and a.attrelid = c.oid) inner join pg_catalog.pg_type t on t.oid = a.atttypid) left outer join pg_attrdef d on a.atthasdef and d.adrelid = a.attrelid and d.adnum = a.attnum order by n.nspname, c.relname, attnum'
PGAPI_Columns: table='trajectoires',field_name='id_trajectoire',type=23,name='int4'
PGAPI_Columns: table='trajectoires',field_name='nom_trajectoire',type=1042,name='bpchar'
PGAPI_Columns: table='trajectoires',field_name='contenu_trajectoire',type=25,name='text'
PGAPI_Columns: table='trajectoires',field_name='duree_trajectoire',type=1083,name='time'
ParseAndDescribeWithLibpq: plan_name=_PLAN0x559ee3622000 query=SELECT duree_processus FROM processus WHERE id_processus=1
ParseWithLibpq: plan_name=_PLAN0x559ee3622000 query=SELECT duree_processus FROM processus WHERE id_processus=1
ParseAndDescribeWithLibpq: plan_name=_PLAN0x559ee36265e0 query=SELECT nom_processus FROM processus WHERE id_processus=1
ParseWithLibpq: plan_name=_PLAN0x559ee36265e0 query=SELECT nom_processus FROM processus WHERE id_processus=1
ParseAndDescribeWithLibpq: plan_name=_PLAN0x559ee362b1e0 query=SELECT ordre_trajectoires FROM intermediaire_processus_trajectoires WHERE id_p=1
ParseWithLibpq: plan_name=_PLAN0x559ee362b1e0 query=SELECT ordre_trajectoires FROM intermediaire_processus_trajectoires WHERE id_p=1
conn=0x559ee3528080, query='select n.nspname, c.relname, a.attname, a.atttypid, t.typname, a.attnum, a.attlen, a.atttypmod, a.attnotnull, c.relhasrules, c.relkind, c.oid, pg_get_expr(d.adbin, d.adrelid), case t.typtype when 'd' then t.typbasetype else 0 end, t.typtypmod, c.relhasoids from (((pg_catalog.pg_class c inner join pg_catalog.pg_namespace n on n.oid = c.relnamespace and c.oid = 27650) inner join pg_catalog.pg_attribute a on (not a.attisdropped) and a.attnum > 0 and a.attrelid = c.oid) inner join pg_catalog.pg_type t on t.oid = a.atttypid) left outer join pg_attrdef d on a.atthasdef and d.adrelid = a.attrelid and d.adnum = a.attnum order by n.nspname, c.relname, attnum'
PGAPI_Columns: table='intermediaire_processus_trajectoires',field_name='id_p',type=23,name='int4'
PGAPI_Columns: table='intermediaire_processus_trajectoires',field_name='id_t',type=23,name='int4'
PGAPI_Columns: table='intermediaire_processus_trajectoires',field_name='ordre_trajectoires',type=25,name='text'
PGAPI_Columns: table='intermediaire_processus_trajectoires',field_name='numero_bain',type=23,name='int4'
PGAPI_Columns: table='intermediaire_processus_trajectoires',field_name='duree_bain',type=1083,name='time'
ParseAndDescribeWithLibpq: plan_name=_PLAN0x559ee364b280 query=SELECT duree_processus FROM processus WHERE id_processus=1
ParseWithLibpq: plan_name=_PLAN0x559ee364b280 query=SELECT duree_processus FROM processus WHERE id_processus=1
ParseAndDescribeWithLibpq: plan_name=_PLAN0x559ee364e5e0 query=SELECT id_t FROM intermediaire_processus_trajectoires WHERE id_p=1
ParseWithLibpq: plan_name=_PLAN0x559ee364e5e0 query=SELECT id_t FROM intermediaire_processus_trajectoires WHERE id_p=1
ParseAndDescribeWithLibpq: plan_name=_PLAN0x559ee3665340 query=SELECT id_trajectoire, nom_trajectoire, contenu_trajectoire, duree_trajectoire FROM trajectoires WHERE id_trajectoire=1
ParseWithLibpq: plan_name=_PLAN0x559ee3665340 query=SELECT id_trajectoire, nom_trajectoire, contenu_trajectoire, duree_trajectoire FROM trajectoires WHERE id_trajectoire=1
ParseAndDescribeWithLibpq: plan_name=_PLAN0x559ee366cad0 query=SELECT id_trajectoire, nom_trajectoire, contenu_trajectoire, duree_trajectoire FROM trajectoires WHERE id_trajectoire=2
ParseWithLibpq: plan_name=_PLAN0x559ee366cad0 query=SELECT id_trajectoire, nom_trajectoire, contenu_trajectoire, duree_trajectoire FROM trajectoires WHERE id_trajectoire=2
ParseAndDescribeWithLibpq: plan_name=_PLAN0x559ee36763b0 query=SELECT nom_processus FROM processus WHERE id_processus=1
ParseWithLibpq: plan_name=_PLAN0x559ee36763b0 query=SELECT nom_processus FROM processus WHERE id_processus=1
ParseAndDescribeWithLibpq: plan_name=_PLAN0x559ee367c2f0 query=SELECT ordre_trajectoires FROM intermediaire_processus_trajectoires WHERE id_p=1
ParseWithLibpq: plan_name=_PLAN0x559ee367c2f0 query=SELECT ordre_trajectoires FROM intermediaire_processus_trajectoires WHERE id_p=1
