conn=0x560298138810, PGAPI_DriverConnect( in)='DSN=Anodisation', fDriverCompletion=0
DSN info: DSN='Anodisation',server='serveursn',port='5432',dbase='Anodisation_test',user='fprovost',passwd='xxxxx'
          onlyread='',showoid='',fakeoidindex='',showsystable=''
          conn_settings='(null)', conn_encoding='(null)'
          translation_dll='',translation_option=''
Driver Version='09.05.0400,'
Global Options: fetch=100, unknown_sizes=0, max_varchar_size=255, max_longvarchar_size=8190
                unique_index=1, use_declarefetch=0
                text_as_longvarchar=1, unknowns_as_longvarchar=0, bools_as_char=1 NAMEDATALEN=64
                extra_systable_prefixes='dd_', conn_settings='(null)' conn_encoding=''
conn=0x560298138810, query='SET DateStyle = 'ISO''
conn=0x560298138810, query='SET extra_float_digits = 2'
conn=0x560298138810, query='select oid, typbasetype from pg_type where typname = 'lo''
    [ Large Object oid = -999 ]
    [ Client encoding = 'UTF8' (code = 6) ]
conn=0x560298138810, PGAPI_DriverConnect(out)='DSN=Anodisation;DATABASE=Anodisation_test;SERVER=serveursn;PORT=5432;UID=fprovost;PWD=afulot39;CA=d;A6=;A7=100;B0=255;B1=8190;BI=0;C2=dd_;CX=1c205048a;A1=7.4'
ParseAndDescribeWithLibpq: plan_name=_PLAN0x5602981556a0 query=SELECT id_processus, nom_processus FROM processus ORDER BY id_processus
ParseWithLibpq: plan_name=_PLAN0x5602981556a0 query=SELECT id_processus, nom_processus FROM processus ORDER BY id_processus
conn=0x560298138810, query='select n.nspname, c.relname, a.attname, a.atttypid, t.typname, a.attnum, a.attlen, a.atttypmod, a.attnotnull, c.relhasrules, c.relkind, c.oid, pg_get_expr(d.adbin, d.adrelid), case t.typtype when 'd' then t.typbasetype else 0 end, t.typtypmod, c.relhasoids from (((pg_catalog.pg_class c inner join pg_catalog.pg_namespace n on n.oid = c.relnamespace and c.oid = 27815) inner join pg_catalog.pg_attribute a on (not a.attisdropped) and a.attnum > 0 and a.attrelid = c.oid) inner join pg_catalog.pg_type t on t.oid = a.atttypid) left outer join pg_attrdef d on a.atthasdef and d.adrelid = a.attrelid and d.adnum = a.attnum order by n.nspname, c.relname, attnum'
PGAPI_Columns: table='processus',field_name='id_processus',type=23,name='int4'
PGAPI_Columns: table='processus',field_name='nom_processus',type=1042,name='bpchar'
PGAPI_Columns: table='processus',field_name='processus_valide',type=16,name='bool'
PGAPI_Columns: table='processus',field_name='duree_processus',type=1083,name='time'
PGAPI_Columns: table='processus',field_name='nombre_bain',type=23,name='int4'
ParseAndDescribeWithLibpq: plan_name=_PLAN0x560298168690 query=SELECT id_trajectoire, nom_trajectoire, contenu_trajectoire, duree_trajectoire FROM trajectoires ORDER BY id_trajectoire
ParseWithLibpq: plan_name=_PLAN0x560298168690 query=SELECT id_trajectoire, nom_trajectoire, contenu_trajectoire, duree_trajectoire FROM trajectoires ORDER BY id_trajectoire
conn=0x560298138810, query='select n.nspname, c.relname, a.attname, a.atttypid, t.typname, a.attnum, a.attlen, a.atttypmod, a.attnotnull, c.relhasrules, c.relkind, c.oid, pg_get_expr(d.adbin, d.adrelid), case t.typtype when 'd' then t.typbasetype else 0 end, t.typtypmod, c.relhasoids from (((pg_catalog.pg_class c inner join pg_catalog.pg_namespace n on n.oid = c.relnamespace and c.oid = 27824) inner join pg_catalog.pg_attribute a on (not a.attisdropped) and a.attnum > 0 and a.attrelid = c.oid) inner join pg_catalog.pg_type t on t.oid = a.atttypid) left outer join pg_attrdef d on a.atthasdef and d.adrelid = a.attrelid and d.adnum = a.attnum order by n.nspname, c.relname, attnum'
PGAPI_Columns: table='trajectoires',field_name='id_trajectoire',type=23,name='int4'
PGAPI_Columns: table='trajectoires',field_name='nom_trajectoire',type=1042,name='bpchar'
PGAPI_Columns: table='trajectoires',field_name='trajectoire_valide',type=16,name='bool'
PGAPI_Columns: table='trajectoires',field_name='contenu_trajectoire',type=25,name='text'
PGAPI_Columns: table='trajectoires',field_name='duree_trajectoire',type=1083,name='time'
ParseAndDescribeWithLibpq: plan_name=_PLAN0x560298233000 query=SELECT duree_processus FROM processus WHERE id_processus=1
ParseWithLibpq: plan_name=_PLAN0x560298233000 query=SELECT duree_processus FROM processus WHERE id_processus=1
ParseAndDescribeWithLibpq: plan_name=_PLAN0x560298236000 query=SELECT nom_processus FROM processus WHERE id_processus=1
ParseWithLibpq: plan_name=_PLAN0x560298236000 query=SELECT nom_processus FROM processus WHERE id_processus=1
ParseAndDescribeWithLibpq: plan_name=_PLAN0x56029827f0e0 query=SELECT nombre_bain FROM processus WHERE id_processus=1
ParseWithLibpq: plan_name=_PLAN0x56029827f0e0 query=SELECT nombre_bain FROM processus WHERE id_processus=1
ParseAndDescribeWithLibpq: plan_name=_PLAN0x560297fdb940 query=SELECT ordre_trajectoires FROM intermediaire_processus_trajectoires WHERE id_p=1
ParseWithLibpq: plan_name=_PLAN0x560297fdb940 query=SELECT ordre_trajectoires FROM intermediaire_processus_trajectoires WHERE id_p=1
conn=0x560298138810, query='select n.nspname, c.relname, a.attname, a.atttypid, t.typname, a.attnum, a.attlen, a.atttypmod, a.attnotnull, c.relhasrules, c.relkind, c.oid, pg_get_expr(d.adbin, d.adrelid), case t.typtype when 'd' then t.typbasetype else 0 end, t.typtypmod, c.relhasoids from (((pg_catalog.pg_class c inner join pg_catalog.pg_namespace n on n.oid = c.relnamespace and c.oid = 27846) inner join pg_catalog.pg_attribute a on (not a.attisdropped) and a.attnum > 0 and a.attrelid = c.oid) inner join pg_catalog.pg_type t on t.oid = a.atttypid) left outer join pg_attrdef d on a.atthasdef and d.adrelid = a.attrelid and d.adnum = a.attnum order by n.nspname, c.relname, attnum'
PGAPI_Columns: table='intermediaire_processus_trajectoires',field_name='id_p',type=23,name='int4'
PGAPI_Columns: table='intermediaire_processus_trajectoires',field_name='id_t',type=23,name='int4'
PGAPI_Columns: table='intermediaire_processus_trajectoires',field_name='ordre_trajectoires',type=25,name='text'
PGAPI_Columns: table='intermediaire_processus_trajectoires',field_name='numero_bain',type=23,name='int4'
PGAPI_Columns: table='intermediaire_processus_trajectoires',field_name='duree_bain',type=1083,name='time'
ParseAndDescribeWithLibpq: plan_name=_PLAN0x5602981b0460 query=SELECT duree_processus FROM processus WHERE id_processus=1
ParseWithLibpq: plan_name=_PLAN0x5602981b0460 query=SELECT duree_processus FROM processus WHERE id_processus=1
ParseAndDescribeWithLibpq: plan_name=_PLAN0x5602981aa790 query=SELECT id_t FROM intermediaire_processus_trajectoires WHERE id_p=1
ParseWithLibpq: plan_name=_PLAN0x5602981aa790 query=SELECT id_t FROM intermediaire_processus_trajectoires WHERE id_p=1
ParseAndDescribeWithLibpq: plan_name=_PLAN0x560298237a00 query=SELECT id_trajectoire, nom_trajectoire, contenu_trajectoire, duree_trajectoire FROM trajectoires WHERE id_trajectoire=1
ParseWithLibpq: plan_name=_PLAN0x560298237a00 query=SELECT id_trajectoire, nom_trajectoire, contenu_trajectoire, duree_trajectoire FROM trajectoires WHERE id_trajectoire=1
ParseAndDescribeWithLibpq: plan_name=_PLAN0x56029824ea00 query=SELECT id_trajectoire, nom_trajectoire, contenu_trajectoire, duree_trajectoire FROM trajectoires WHERE id_trajectoire=2
ParseWithLibpq: plan_name=_PLAN0x56029824ea00 query=SELECT id_trajectoire, nom_trajectoire, contenu_trajectoire, duree_trajectoire FROM trajectoires WHERE id_trajectoire=2
ParseAndDescribeWithLibpq: plan_name=_PLAN0x56029821bc00 query=SELECT nom_processus FROM processus WHERE id_processus=1
ParseWithLibpq: plan_name=_PLAN0x56029821bc00 query=SELECT nom_processus FROM processus WHERE id_processus=1
ParseAndDescribeWithLibpq: plan_name=_PLAN0x56029831ba50 query=SELECT nombre_bain FROM processus WHERE id_processus=1
ParseWithLibpq: plan_name=_PLAN0x56029831ba50 query=SELECT nombre_bain FROM processus WHERE id_processus=1
ParseAndDescribeWithLibpq: plan_name=_PLAN0x5602983203e0 query=SELECT ordre_trajectoires FROM intermediaire_processus_trajectoires WHERE id_p=1
ParseWithLibpq: plan_name=_PLAN0x5602983203e0 query=SELECT ordre_trajectoires FROM intermediaire_processus_trajectoires WHERE id_p=1
ParseAndDescribeWithLibpq: plan_name=_PLAN0x56029832f7a0 query=SELECT duree_processus FROM processus WHERE id_processus=1
ParseWithLibpq: plan_name=_PLAN0x56029832f7a0 query=SELECT duree_processus FROM processus WHERE id_processus=1
ParseAndDescribeWithLibpq: plan_name=_PLAN0x560298334480 query=SELECT ordre_trajectoires FROM intermediaire_processus_trajectoires WHERE id_p=1
ParseWithLibpq: plan_name=_PLAN0x560298334480 query=SELECT ordre_trajectoires FROM intermediaire_processus_trajectoires WHERE id_p=1
ParseAndDescribeWithLibpq: plan_name=_PLAN0x560298342290 query=INSERT INTO processus (nom_processus, duree_processus) VALUES(:np, :dp)
ParseWithLibpq: plan_name=_PLAN0x560298342290 query=INSERT INTO processus (nom_processus, duree_processus) VALUES(:np, :dp)
STATEMENT ERROR: func=desc_params_and_sync, desc='', errnum=1, errmsg='Error while preparing parameters'
                 ------------------------------------------------------------
                 hdbc=0x560298138810, stmt=0x560298342290, result=0x560298344150
                 prepare=7, internal=0
                 bindings=(nil), bindings_allocated=0
                 parameters=(nil), parameters_allocated=0
                 statement_type=1, statement='INSERT INTO processus (nom_processus, duree_processus) VALUES(:np, :dp)'
                 stmt_with_params='(NULL)'
                 data_at_exec=-1, current_exec_param=0, put_data=0
                 currTuple=-1, current_col=-1, lobj_fd=-1
                 maxRows=0, rowset_size=1, keyset_size=0, cursor_type=0, scroll_concurrency=1
                 cursor_name=''
                 ----------------QResult Info -------------------------------
                 fields=0x560297e95400, backend_tuples=(nil), tupleField=0, conn=(nil)
                 fetch_count=0, num_total_rows=0, num_fields=0, cursor='(NULL)'
                 message='ERREUR: erreur de syntaxe sur ou près de « : »', command='(NULL)', notice='(NULL)'
                 status=7
CONN ERROR: func=desc_params_and_sync, desc='', errnum=110, errmsg='(NULL)'
            ------------------------------------------------------------
            henv=0x5602981387d0, conn=0x560298138810, status=1, num_stmts=16
            pqconn=0x56029813a660, stmts=0x560298138680, lobj_type=-999
STATEMENT ERROR: func=PGAPI_NumResultCols, desc='', errnum=1, errmsg='No query has been executed with that handle'
                 ------------------------------------------------------------
                 hdbc=0x560298138810, stmt=0x560298342290, result=0x560298344150
                 prepare=7, internal=0
                 bindings=(nil), bindings_allocated=0
                 parameters=(nil), parameters_allocated=0
                 statement_type=1, statement='INSERT INTO processus (nom_processus, duree_processus) VALUES(:np, :dp)'
                 stmt_with_params='(NULL)'
                 data_at_exec=-1, current_exec_param=-1, put_data=0
                 currTuple=-1, current_col=-1, lobj_fd=-1
                 maxRows=0, rowset_size=1, keyset_size=0, cursor_type=0, scroll_concurrency=1
                 cursor_name=''
                 ----------------QResult Info -------------------------------
                 fields=0x560297e95400, backend_tuples=(nil), tupleField=0, conn=(nil)
                 fetch_count=0, num_total_rows=0, num_fields=0, cursor='(NULL)'
                 message='ERREUR: erreur de syntaxe sur ou près de « : »', command='(NULL)', notice='(NULL)'
                 status=7
CONN ERROR: func=PGAPI_NumResultCols, desc='', errnum=110, errmsg='(NULL)'
            ------------------------------------------------------------
            henv=0x5602981387d0, conn=0x560298138810, status=1, num_stmts=16
            pqconn=0x56029813a660, stmts=0x560298138680, lobj_type=-999
ParseAndDescribeWithLibpq: plan_name=_PLAN0x560298342290 query=INSERT INTO processus (nom_processus, duree_processus) VALUES(:np, :dp)
ParseWithLibpq: plan_name=_PLAN0x560298342290 query=INSERT INTO processus (nom_processus, duree_processus) VALUES(:np, :dp)
STATEMENT ERROR: func=desc_params_and_sync, desc='', errnum=1, errmsg='Error while preparing parameters'
                 ------------------------------------------------------------
                 hdbc=0x560298138810, stmt=0x560298342290, result=0x5602983442a0
                 prepare=7, internal=0
                 bindings=(nil), bindings_allocated=0
                 parameters=(nil), parameters_allocated=0
                 statement_type=1, statement='INSERT INTO processus (nom_processus, duree_processus) VALUES(:np, :dp)'
                 stmt_with_params='(NULL)'
                 data_at_exec=-1, current_exec_param=0, put_data=0
                 currTuple=-1, current_col=-1, lobj_fd=-1
                 maxRows=0, rowset_size=1, keyset_size=0, cursor_type=0, scroll_concurrency=1
                 cursor_name=''
                 ----------------QResult Info -------------------------------
                 fields=0x5602983450b0, backend_tuples=(nil), tupleField=0, conn=(nil)
                 fetch_count=0, num_total_rows=0, num_fields=0, cursor='(NULL)'
                 message='ERREUR: erreur de syntaxe sur ou près de « : »', command='(NULL)', notice='(NULL)'
                 status=7
CONN ERROR: func=desc_params_and_sync, desc='', errnum=110, errmsg='(NULL)'
            ------------------------------------------------------------
            henv=0x5602981387d0, conn=0x560298138810, status=1, num_stmts=16
            pqconn=0x56029813a660, stmts=0x560298138680, lobj_type=-999
STATEMENT ERROR: func=PGAPI_NumResultCols, desc='', errnum=1, errmsg='No query has been executed with that handle'
                 ------------------------------------------------------------
                 hdbc=0x560298138810, stmt=0x560298342290, result=0x5602983442a0
                 prepare=7, internal=0
                 bindings=(nil), bindings_allocated=0
                 parameters=(nil), parameters_allocated=0
                 statement_type=1, statement='INSERT INTO processus (nom_processus, duree_processus) VALUES(:np, :dp)'
                 stmt_with_params='(NULL)'
                 data_at_exec=-1, current_exec_param=-1, put_data=0
                 currTuple=-1, current_col=-1, lobj_fd=-1
                 maxRows=0, rowset_size=1, keyset_size=0, cursor_type=0, scroll_concurrency=1
                 cursor_name=''
                 ----------------QResult Info -------------------------------
                 fields=0x5602983450b0, backend_tuples=(nil), tupleField=0, conn=(nil)
                 fetch_count=0, num_total_rows=0, num_fields=0, cursor='(NULL)'
                 message='ERREUR: erreur de syntaxe sur ou près de « : »', command='(NULL)', notice='(NULL)'
                 status=7
CONN ERROR: func=PGAPI_NumResultCols, desc='', errnum=110, errmsg='(NULL)'
            ------------------------------------------------------------
            henv=0x5602981387d0, conn=0x560298138810, status=1, num_stmts=16
            pqconn=0x56029813a660, stmts=0x560298138680, lobj_type=-999
ParseAndDescribeWithLibpq: plan_name=_PLAN0x560298342290 query=INSERT INTO processus (nom_processus, duree_processus) VALUES(:np, :dp)
ParseWithLibpq: plan_name=_PLAN0x560298342290 query=INSERT INTO processus (nom_processus, duree_processus) VALUES(:np, :dp)
STATEMENT ERROR: func=desc_params_and_sync, desc='', errnum=1, errmsg='Error while preparing parameters'
                 ------------------------------------------------------------
                 hdbc=0x560298138810, stmt=0x560298342290, result=0x560298344150
                 prepare=7, internal=0
                 bindings=(nil), bindings_allocated=0
                 parameters=(nil), parameters_allocated=0
                 statement_type=1, statement='INSERT INTO processus (nom_processus, duree_processus) VALUES(:np, :dp)'
                 stmt_with_params='(NULL)'
                 data_at_exec=-1, current_exec_param=0, put_data=0
                 currTuple=-1, current_col=-1, lobj_fd=-1
                 maxRows=0, rowset_size=1, keyset_size=0, cursor_type=0, scroll_concurrency=1
                 cursor_name=''
                 ----------------QResult Info -------------------------------
                 fields=0x560297f72b90, backend_tuples=(nil), tupleField=0, conn=(nil)
                 fetch_count=0, num_total_rows=0, num_fields=0, cursor='(NULL)'
                 message='ERREUR: erreur de syntaxe sur ou près de « : »', command='(NULL)', notice='(NULL)'
                 status=7
CONN ERROR: func=desc_params_and_sync, desc='', errnum=110, errmsg='(NULL)'
            ------------------------------------------------------------
            henv=0x5602981387d0, conn=0x560298138810, status=1, num_stmts=16
            pqconn=0x56029813a660, stmts=0x560298138680, lobj_type=-999
STATEMENT ERROR: func=PGAPI_NumResultCols, desc='', errnum=1, errmsg='No query has been executed with that handle'
                 ------------------------------------------------------------
                 hdbc=0x560298138810, stmt=0x560298342290, result=0x560298344150
                 prepare=7, internal=0
                 bindings=(nil), bindings_allocated=0
                 parameters=(nil), parameters_allocated=0
                 statement_type=1, statement='INSERT INTO processus (nom_processus, duree_processus) VALUES(:np, :dp)'
                 stmt_with_params='(NULL)'
                 data_at_exec=-1, current_exec_param=-1, put_data=0
                 currTuple=-1, current_col=-1, lobj_fd=-1
                 maxRows=0, rowset_size=1, keyset_size=0, cursor_type=0, scroll_concurrency=1
                 cursor_name=''
                 ----------------QResult Info -------------------------------
                 fields=0x560297f72b90, backend_tuples=(nil), tupleField=0, conn=(nil)
                 fetch_count=0, num_total_rows=0, num_fields=0, cursor='(NULL)'
                 message='ERREUR: erreur de syntaxe sur ou près de « : »', command='(NULL)', notice='(NULL)'
                 status=7
CONN ERROR: func=PGAPI_NumResultCols, desc='', errnum=110, errmsg='(NULL)'
            ------------------------------------------------------------
            henv=0x5602981387d0, conn=0x560298138810, status=1, num_stmts=16
            pqconn=0x56029813a660, stmts=0x560298138680, lobj_type=-999
ParseAndDescribeWithLibpq: plan_name=_PLAN0x560298342290 query=INSERT INTO processus (nom_processus, duree_processus) VALUES(:np, :dp)
ParseWithLibpq: plan_name=_PLAN0x560298342290 query=INSERT INTO processus (nom_processus, duree_processus) VALUES(:np, :dp)
STATEMENT ERROR: func=desc_params_and_sync, desc='', errnum=1, errmsg='Error while preparing parameters'
                 ------------------------------------------------------------
                 hdbc=0x560298138810, stmt=0x560298342290, result=0x5602983443f0
                 prepare=7, internal=0
                 bindings=(nil), bindings_allocated=0
                 parameters=0x5602983442a0, parameters_allocated=1
                 statement_type=1, statement='INSERT INTO processus (nom_processus, duree_processus) VALUES(:np, :dp)'
                 stmt_with_params='(NULL)'
                 data_at_exec=-1, current_exec_param=0, put_data=0
                 currTuple=-1, current_col=-1, lobj_fd=-1
                 maxRows=0, rowset_size=1, keyset_size=0, cursor_type=0, scroll_concurrency=1
                 cursor_name='SQL_CUR0x560298342290'
                 ----------------QResult Info -------------------------------
                 fields=0x560298344380, backend_tuples=(nil), tupleField=0, conn=(nil)
                 fetch_count=0, num_total_rows=0, num_fields=0, cursor='(NULL)'
                 message='ERREUR: erreur de syntaxe sur ou près de « : »', command='(NULL)', notice='(NULL)'
                 status=7
CONN ERROR: func=desc_params_and_sync, desc='', errnum=110, errmsg='(NULL)'
            ------------------------------------------------------------
            henv=0x5602981387d0, conn=0x560298138810, status=3, num_stmts=16
            pqconn=0x56029813a660, stmts=0x560298138680, lobj_type=-999
