conn=0x55b6af8c0770, PGAPI_DriverConnect( in)='DSN=Anodisation', fDriverCompletion=0
DSN info: DSN='Anodisation',server='serveursn',port='5432',dbase='Anodisation_test',user='fprovost',passwd='xxxxx'
          onlyread='',showoid='',fakeoidindex='',showsystable=''
          conn_settings='(null)', conn_encoding='(null)'
          translation_dll='',translation_option=''
Driver Version='09.05.0400,'
Global Options: fetch=100, unknown_sizes=0, max_varchar_size=255, max_longvarchar_size=8190
                unique_index=1, use_declarefetch=0
                text_as_longvarchar=1, unknowns_as_longvarchar=0, bools_as_char=1 NAMEDATALEN=64
                extra_systable_prefixes='dd_', conn_settings='(null)' conn_encoding=''
conn=0x55b6af8c0770, query='SET DateStyle = 'ISO''
conn=0x55b6af8c0770, query='SET extra_float_digits = 2'
conn=0x55b6af8c0770, query='select oid, typbasetype from pg_type where typname = 'lo''
    [ Large Object oid = -999 ]
    [ Client encoding = 'UTF8' (code = 6) ]
conn=0x55b6af8c0770, PGAPI_DriverConnect(out)='DSN=Anodisation;DATABASE=Anodisation_test;SERVER=serveursn;PORT=5432;UID=fprovost;PWD=afulot39;CA=d;A6=;A7=100;B0=255;B1=8190;BI=0;C2=dd_;CX=1c205048a;A1=7.4'
ParseAndDescribeWithLibpq: plan_name=_PLAN0x55b6af8d0980 query=SELECT id_processus, nom_processus FROM processus ORDER BY id_processus
ParseWithLibpq: plan_name=_PLAN0x55b6af8d0980 query=SELECT id_processus, nom_processus FROM processus ORDER BY id_processus
conn=0x55b6af8c0770, query='select n.nspname, c.relname, a.attname, a.atttypid, t.typname, a.attnum, a.attlen, a.atttypmod, a.attnotnull, c.relhasrules, c.relkind, c.oid, pg_get_expr(d.adbin, d.adrelid), case t.typtype when 'd' then t.typbasetype else 0 end, t.typtypmod, c.relhasoids from (((pg_catalog.pg_class c inner join pg_catalog.pg_namespace n on n.oid = c.relnamespace and c.oid = 27815) inner join pg_catalog.pg_attribute a on (not a.attisdropped) and a.attnum > 0 and a.attrelid = c.oid) inner join pg_catalog.pg_type t on t.oid = a.atttypid) left outer join pg_attrdef d on a.atthasdef and d.adrelid = a.attrelid and d.adnum = a.attnum order by n.nspname, c.relname, attnum'
PGAPI_Columns: table='processus',field_name='id_processus',type=23,name='int4'
PGAPI_Columns: table='processus',field_name='nom_processus',type=1042,name='bpchar'
PGAPI_Columns: table='processus',field_name='processus_valide',type=16,name='bool'
PGAPI_Columns: table='processus',field_name='duree_processus',type=1083,name='time'
PGAPI_Columns: table='processus',field_name='nombre_bain',type=23,name='int4'
ParseAndDescribeWithLibpq: plan_name=_PLAN0x55b6af8e3600 query=SELECT id_trajectoire, nom_trajectoire, contenu_trajectoire, duree_trajectoire FROM trajectoires ORDER BY id_trajectoire
ParseWithLibpq: plan_name=_PLAN0x55b6af8e3600 query=SELECT id_trajectoire, nom_trajectoire, contenu_trajectoire, duree_trajectoire FROM trajectoires ORDER BY id_trajectoire
conn=0x55b6af8c0770, query='select n.nspname, c.relname, a.attname, a.atttypid, t.typname, a.attnum, a.attlen, a.atttypmod, a.attnotnull, c.relhasrules, c.relkind, c.oid, pg_get_expr(d.adbin, d.adrelid), case t.typtype when 'd' then t.typbasetype else 0 end, t.typtypmod, c.relhasoids from (((pg_catalog.pg_class c inner join pg_catalog.pg_namespace n on n.oid = c.relnamespace and c.oid = 27824) inner join pg_catalog.pg_attribute a on (not a.attisdropped) and a.attnum > 0 and a.attrelid = c.oid) inner join pg_catalog.pg_type t on t.oid = a.atttypid) left outer join pg_attrdef d on a.atthasdef and d.adrelid = a.attrelid and d.adnum = a.attnum order by n.nspname, c.relname, attnum'
PGAPI_Columns: table='trajectoires',field_name='id_trajectoire',type=23,name='int4'
PGAPI_Columns: table='trajectoires',field_name='nom_trajectoire',type=1042,name='bpchar'
PGAPI_Columns: table='trajectoires',field_name='trajectoire_valide',type=16,name='bool'
PGAPI_Columns: table='trajectoires',field_name='contenu_trajectoire',type=25,name='text'
PGAPI_Columns: table='trajectoires',field_name='duree_trajectoire',type=1083,name='time'
ParseAndDescribeWithLibpq: plan_name=_PLAN0x55b6af99b600 query=SELECT duree_processus FROM processus WHERE id_processus=1
ParseWithLibpq: plan_name=_PLAN0x55b6af99b600 query=SELECT duree_processus FROM processus WHERE id_processus=1
ParseAndDescribeWithLibpq: plan_name=_PLAN0x55b6af9bc800 query=SELECT nombre_bain FROM processus WHERE id_processus=1
ParseWithLibpq: plan_name=_PLAN0x55b6af9bc800 query=SELECT nombre_bain FROM processus WHERE id_processus=1
ParseAndDescribeWithLibpq: plan_name=_PLAN0x55b6af9ab020 query=SELECT ordre_trajectoires FROM intermediaire_processus_trajectoires WHERE id_p=1
ParseWithLibpq: plan_name=_PLAN0x55b6af9ab020 query=SELECT ordre_trajectoires FROM intermediaire_processus_trajectoires WHERE id_p=1
conn=0x55b6af8c0770, query='select n.nspname, c.relname, a.attname, a.atttypid, t.typname, a.attnum, a.attlen, a.atttypmod, a.attnotnull, c.relhasrules, c.relkind, c.oid, pg_get_expr(d.adbin, d.adrelid), case t.typtype when 'd' then t.typbasetype else 0 end, t.typtypmod, c.relhasoids from (((pg_catalog.pg_class c inner join pg_catalog.pg_namespace n on n.oid = c.relnamespace and c.oid = 27846) inner join pg_catalog.pg_attribute a on (not a.attisdropped) and a.attnum > 0 and a.attrelid = c.oid) inner join pg_catalog.pg_type t on t.oid = a.atttypid) left outer join pg_attrdef d on a.atthasdef and d.adrelid = a.attrelid and d.adnum = a.attnum order by n.nspname, c.relname, attnum'
PGAPI_Columns: table='intermediaire_processus_trajectoires',field_name='id_p',type=23,name='int4'
PGAPI_Columns: table='intermediaire_processus_trajectoires',field_name='id_t',type=23,name='int4'
PGAPI_Columns: table='intermediaire_processus_trajectoires',field_name='ordre_trajectoires',type=25,name='text'
PGAPI_Columns: table='intermediaire_processus_trajectoires',field_name='numero_bain',type=23,name='int4'
PGAPI_Columns: table='intermediaire_processus_trajectoires',field_name='duree_bain',type=1083,name='time'
ParseAndDescribeWithLibpq: plan_name=_PLAN0x55b6af751e10 query=SELECT duree_processus FROM processus WHERE id_processus=2
ParseWithLibpq: plan_name=_PLAN0x55b6af751e10 query=SELECT duree_processus FROM processus WHERE id_processus=2
ParseAndDescribeWithLibpq: plan_name=_PLAN0x55b6afa192f0 query=SELECT nombre_bain FROM processus WHERE id_processus=2
ParseWithLibpq: plan_name=_PLAN0x55b6afa192f0 query=SELECT nombre_bain FROM processus WHERE id_processus=2
ParseAndDescribeWithLibpq: plan_name=_PLAN0x55b6afa1ded0 query=SELECT ordre_trajectoires FROM intermediaire_processus_trajectoires WHERE id_p=2
ParseWithLibpq: plan_name=_PLAN0x55b6afa1ded0 query=SELECT ordre_trajectoires FROM intermediaire_processus_trajectoires WHERE id_p=2
ParseAndDescribeWithLibpq: plan_name=_PLAN0x55b6afa245b0 query=SELECT duree_processus FROM processus WHERE id_processus=3
ParseWithLibpq: plan_name=_PLAN0x55b6afa245b0 query=SELECT duree_processus FROM processus WHERE id_processus=3
ParseAndDescribeWithLibpq: plan_name=_PLAN0x55b6afa292e0 query=SELECT nombre_bain FROM processus WHERE id_processus=3
ParseWithLibpq: plan_name=_PLAN0x55b6afa292e0 query=SELECT nombre_bain FROM processus WHERE id_processus=3
ParseAndDescribeWithLibpq: plan_name=_PLAN0x55b6afa2ddf0 query=SELECT ordre_trajectoires FROM intermediaire_processus_trajectoires WHERE id_p=3
ParseWithLibpq: plan_name=_PLAN0x55b6afa2ddf0 query=SELECT ordre_trajectoires FROM intermediaire_processus_trajectoires WHERE id_p=3
ParseAndDescribeWithLibpq: plan_name=_PLAN0x55b6afa33700 query=SELECT duree_processus FROM processus WHERE id_processus=4
ParseWithLibpq: plan_name=_PLAN0x55b6afa33700 query=SELECT duree_processus FROM processus WHERE id_processus=4
ParseAndDescribeWithLibpq: plan_name=_PLAN0x55b6afa37ce0 query=SELECT nombre_bain FROM processus WHERE id_processus=4
ParseWithLibpq: plan_name=_PLAN0x55b6afa37ce0 query=SELECT nombre_bain FROM processus WHERE id_processus=4
ParseAndDescribeWithLibpq: plan_name=_PLAN0x55b6afa3c900 query=SELECT ordre_trajectoires FROM intermediaire_processus_trajectoires WHERE id_p=4
ParseWithLibpq: plan_name=_PLAN0x55b6afa3c900 query=SELECT ordre_trajectoires FROM intermediaire_processus_trajectoires WHERE id_p=4
ParseAndDescribeWithLibpq: plan_name=_PLAN0x55b6afa43c50 query=SELECT duree_processus FROM processus WHERE id_processus=1
ParseWithLibpq: plan_name=_PLAN0x55b6afa43c50 query=SELECT duree_processus FROM processus WHERE id_processus=1
ParseAndDescribeWithLibpq: plan_name=_PLAN0x55b6afa484f0 query=SELECT nombre_bain FROM processus WHERE id_processus=1
ParseWithLibpq: plan_name=_PLAN0x55b6afa484f0 query=SELECT nombre_bain FROM processus WHERE id_processus=1
ParseAndDescribeWithLibpq: plan_name=_PLAN0x55b6afa4d310 query=SELECT ordre_trajectoires FROM intermediaire_processus_trajectoires WHERE id_p=1
ParseWithLibpq: plan_name=_PLAN0x55b6afa4d310 query=SELECT ordre_trajectoires FROM intermediaire_processus_trajectoires WHERE id_p=1
ParseAndDescribeWithLibpq: plan_name=_PLAN0x55b6afa53250 query=SELECT duree_processus FROM processus WHERE id_processus=2
ParseWithLibpq: plan_name=_PLAN0x55b6afa53250 query=SELECT duree_processus FROM processus WHERE id_processus=2
ParseAndDescribeWithLibpq: plan_name=_PLAN0x55b6afa56e20 query=SELECT nombre_bain FROM processus WHERE id_processus=2
ParseWithLibpq: plan_name=_PLAN0x55b6afa56e20 query=SELECT nombre_bain FROM processus WHERE id_processus=2
ParseAndDescribeWithLibpq: plan_name=_PLAN0x55b6afa5c940 query=SELECT ordre_trajectoires FROM intermediaire_processus_trajectoires WHERE id_p=2
ParseWithLibpq: plan_name=_PLAN0x55b6afa5c940 query=SELECT ordre_trajectoires FROM intermediaire_processus_trajectoires WHERE id_p=2
ParseAndDescribeWithLibpq: plan_name=_PLAN0x55b6afa624d0 query=SELECT duree_processus FROM processus WHERE id_processus=3
ParseWithLibpq: plan_name=_PLAN0x55b6afa624d0 query=SELECT duree_processus FROM processus WHERE id_processus=3
ParseAndDescribeWithLibpq: plan_name=_PLAN0x55b6afa65ee0 query=SELECT nombre_bain FROM processus WHERE id_processus=3
ParseWithLibpq: plan_name=_PLAN0x55b6afa65ee0 query=SELECT nombre_bain FROM processus WHERE id_processus=3
ParseAndDescribeWithLibpq: plan_name=_PLAN0x55b6afa6ba90 query=SELECT ordre_trajectoires FROM intermediaire_processus_trajectoires WHERE id_p=3
ParseWithLibpq: plan_name=_PLAN0x55b6afa6ba90 query=SELECT ordre_trajectoires FROM intermediaire_processus_trajectoires WHERE id_p=3
ParseAndDescribeWithLibpq: plan_name=_PLAN0x55b6afa71480 query=SELECT duree_processus FROM processus WHERE id_processus=4
ParseWithLibpq: plan_name=_PLAN0x55b6afa71480 query=SELECT duree_processus FROM processus WHERE id_processus=4
ParseAndDescribeWithLibpq: plan_name=_PLAN0x55b6afa75aa0 query=SELECT nombre_bain FROM processus WHERE id_processus=4
ParseWithLibpq: plan_name=_PLAN0x55b6afa75aa0 query=SELECT nombre_bain FROM processus WHERE id_processus=4
ParseAndDescribeWithLibpq: plan_name=_PLAN0x55b6afa7a490 query=SELECT ordre_trajectoires FROM intermediaire_processus_trajectoires WHERE id_p=4
ParseWithLibpq: plan_name=_PLAN0x55b6afa7a490 query=SELECT ordre_trajectoires FROM intermediaire_processus_trajectoires WHERE id_p=4
ParseAndDescribeWithLibpq: plan_name=_PLAN0x55b6afa8ab90 query=SELECT duree_processus FROM processus WHERE id_processus=3
ParseWithLibpq: plan_name=_PLAN0x55b6afa8ab90 query=SELECT duree_processus FROM processus WHERE id_processus=3
ParseAndDescribeWithLibpq: plan_name=_PLAN0x55b6afa834e0 query=SELECT nombre_bain FROM processus WHERE id_processus=3
ParseWithLibpq: plan_name=_PLAN0x55b6afa834e0 query=SELECT nombre_bain FROM processus WHERE id_processus=3
ParseAndDescribeWithLibpq: plan_name=_PLAN0x55b6afa8c7e0 query=SELECT ordre_trajectoires FROM intermediaire_processus_trajectoires WHERE id_p=3
ParseWithLibpq: plan_name=_PLAN0x55b6afa8c7e0 query=SELECT ordre_trajectoires FROM intermediaire_processus_trajectoires WHERE id_p=3
ParseAndDescribeWithLibpq: plan_name=_PLAN0x55b6afa92960 query=SELECT duree_processus FROM processus WHERE id_processus=1
ParseWithLibpq: plan_name=_PLAN0x55b6afa92960 query=SELECT duree_processus FROM processus WHERE id_processus=1
ParseAndDescribeWithLibpq: plan_name=_PLAN0x55b6afa97000 query=SELECT nombre_bain FROM processus WHERE id_processus=1
ParseWithLibpq: plan_name=_PLAN0x55b6afa97000 query=SELECT nombre_bain FROM processus WHERE id_processus=1
ParseAndDescribeWithLibpq: plan_name=_PLAN0x55b6afa9b940 query=SELECT ordre_trajectoires FROM intermediaire_processus_trajectoires WHERE id_p=1
ParseWithLibpq: plan_name=_PLAN0x55b6afa9b940 query=SELECT ordre_trajectoires FROM intermediaire_processus_trajectoires WHERE id_p=1
ParseAndDescribeWithLibpq: plan_name=_PLAN0x55b6afaa1340 query=SELECT duree_processus FROM processus WHERE id_processus=2
ParseWithLibpq: plan_name=_PLAN0x55b6afaa1340 query=SELECT duree_processus FROM processus WHERE id_processus=2
ParseAndDescribeWithLibpq: plan_name=_PLAN0x55b6afaa5980 query=SELECT nombre_bain FROM processus WHERE id_processus=2
ParseWithLibpq: plan_name=_PLAN0x55b6afaa5980 query=SELECT nombre_bain FROM processus WHERE id_processus=2
ParseAndDescribeWithLibpq: plan_name=_PLAN0x55b6afaaa780 query=SELECT ordre_trajectoires FROM intermediaire_processus_trajectoires WHERE id_p=2
ParseWithLibpq: plan_name=_PLAN0x55b6afaaa780 query=SELECT ordre_trajectoires FROM intermediaire_processus_trajectoires WHERE id_p=2
ParseAndDescribeWithLibpq: plan_name=_PLAN0x55b6afaafec0 query=SELECT duree_processus FROM processus WHERE id_processus=3
ParseWithLibpq: plan_name=_PLAN0x55b6afaafec0 query=SELECT duree_processus FROM processus WHERE id_processus=3
ParseAndDescribeWithLibpq: plan_name=_PLAN0x55b6afab4500 query=SELECT nombre_bain FROM processus WHERE id_processus=3
ParseWithLibpq: plan_name=_PLAN0x55b6afab4500 query=SELECT nombre_bain FROM processus WHERE id_processus=3
ParseAndDescribeWithLibpq: plan_name=_PLAN0x55b6afab9110 query=SELECT ordre_trajectoires FROM intermediaire_processus_trajectoires WHERE id_p=3
ParseWithLibpq: plan_name=_PLAN0x55b6afab9110 query=SELECT ordre_trajectoires FROM intermediaire_processus_trajectoires WHERE id_p=3
ParseAndDescribeWithLibpq: plan_name=_PLAN0x55b6afabeb50 query=SELECT duree_processus FROM processus WHERE id_processus=2
ParseWithLibpq: plan_name=_PLAN0x55b6afabeb50 query=SELECT duree_processus FROM processus WHERE id_processus=2
ParseAndDescribeWithLibpq: plan_name=_PLAN0x55b6afac34b0 query=SELECT nombre_bain FROM processus WHERE id_processus=2
ParseWithLibpq: plan_name=_PLAN0x55b6afac34b0 query=SELECT nombre_bain FROM processus WHERE id_processus=2
ParseAndDescribeWithLibpq: plan_name=_PLAN0x55b6afac81f0 query=SELECT ordre_trajectoires FROM intermediaire_processus_trajectoires WHERE id_p=2
ParseWithLibpq: plan_name=_PLAN0x55b6afac81f0 query=SELECT ordre_trajectoires FROM intermediaire_processus_trajectoires WHERE id_p=2
ParseAndDescribeWithLibpq: plan_name=_PLAN0x55b6afafebd0 query=SELECT duree_processus FROM processus WHERE id_processus=1
ParseWithLibpq: plan_name=_PLAN0x55b6afafebd0 query=SELECT duree_processus FROM processus WHERE id_processus=1
ParseAndDescribeWithLibpq: plan_name=_PLAN0x55b6afb03670 query=SELECT nombre_bain FROM processus WHERE id_processus=1
ParseWithLibpq: plan_name=_PLAN0x55b6afb03670 query=SELECT nombre_bain FROM processus WHERE id_processus=1
ParseAndDescribeWithLibpq: plan_name=_PLAN0x55b6afb08150 query=SELECT ordre_trajectoires FROM intermediaire_processus_trajectoires WHERE id_p=1
ParseWithLibpq: plan_name=_PLAN0x55b6afb08150 query=SELECT ordre_trajectoires FROM intermediaire_processus_trajectoires WHERE id_p=1
ParseAndDescribeWithLibpq: plan_name=_PLAN0x55b6af990a00 query=SELECT duree_processus FROM processus WHERE id_processus=3
ParseWithLibpq: plan_name=_PLAN0x55b6af990a00 query=SELECT duree_processus FROM processus WHERE id_processus=3
ParseAndDescribeWithLibpq: plan_name=_PLAN0x55b6af9b3200 query=SELECT nombre_bain FROM processus WHERE id_processus=3
ParseWithLibpq: plan_name=_PLAN0x55b6af9b3200 query=SELECT nombre_bain FROM processus WHERE id_processus=3
ParseAndDescribeWithLibpq: plan_name=_PLAN0x55b6af996c00 query=SELECT ordre_trajectoires FROM intermediaire_processus_trajectoires WHERE id_p=3
ParseWithLibpq: plan_name=_PLAN0x55b6af996c00 query=SELECT ordre_trajectoires FROM intermediaire_processus_trajectoires WHERE id_p=3
ParseAndDescribeWithLibpq: plan_name=_PLAN0x55b6afb14400 query=SELECT duree_processus FROM processus WHERE id_processus=1
ParseWithLibpq: plan_name=_PLAN0x55b6afb14400 query=SELECT duree_processus FROM processus WHERE id_processus=1
ParseAndDescribeWithLibpq: plan_name=_PLAN0x55b6afaccb90 query=SELECT nom_processus FROM processus WHERE id_processus=1
ParseWithLibpq: plan_name=_PLAN0x55b6afaccb90 query=SELECT nom_processus FROM processus WHERE id_processus=1
ParseAndDescribeWithLibpq: plan_name=_PLAN0x55b6afb10b30 query=SELECT nombre_bain FROM processus WHERE id_processus=1
ParseWithLibpq: plan_name=_PLAN0x55b6afb10b30 query=SELECT nombre_bain FROM processus WHERE id_processus=1
ParseAndDescribeWithLibpq: plan_name=_PLAN0x55b6afad7d60 query=SELECT ordre_trajectoires FROM intermediaire_processus_trajectoires WHERE id_p=1
ParseWithLibpq: plan_name=_PLAN0x55b6afad7d60 query=SELECT ordre_trajectoires FROM intermediaire_processus_trajectoires WHERE id_p=1
ParseAndDescribeWithLibpq: plan_name=_PLAN0x55b6afadee90 query=SELECT duree_processus FROM processus WHERE id_processus=1
ParseWithLibpq: plan_name=_PLAN0x55b6afadee90 query=SELECT duree_processus FROM processus WHERE id_processus=1
ParseAndDescribeWithLibpq: plan_name=_PLAN0x55b6afae32d0 query=SELECT id_t FROM intermediaire_processus_trajectoires WHERE id_p=1
ParseWithLibpq: plan_name=_PLAN0x55b6afae32d0 query=SELECT id_t FROM intermediaire_processus_trajectoires WHERE id_p=1
ParseAndDescribeWithLibpq: plan_name=_PLAN0x55b6afae7e10 query=SELECT id_trajectoire, nom_trajectoire, contenu_trajectoire, duree_trajectoire FROM trajectoires WHERE id_trajectoire=1
ParseWithLibpq: plan_name=_PLAN0x55b6afae7e10 query=SELECT id_trajectoire, nom_trajectoire, contenu_trajectoire, duree_trajectoire FROM trajectoires WHERE id_trajectoire=1
ParseAndDescribeWithLibpq: plan_name=_PLAN0x55b6afaef5f0 query=SELECT id_trajectoire, nom_trajectoire, contenu_trajectoire, duree_trajectoire FROM trajectoires WHERE id_trajectoire=2
ParseWithLibpq: plan_name=_PLAN0x55b6afaef5f0 query=SELECT id_trajectoire, nom_trajectoire, contenu_trajectoire, duree_trajectoire FROM trajectoires WHERE id_trajectoire=2
ParseAndDescribeWithLibpq: plan_name=_PLAN0x55b6afaf8ed0 query=SELECT nom_processus FROM processus WHERE id_processus=1
ParseWithLibpq: plan_name=_PLAN0x55b6afaf8ed0 query=SELECT nom_processus FROM processus WHERE id_processus=1
ParseAndDescribeWithLibpq: plan_name=_PLAN0x55b6afb7cb40 query=SELECT nombre_bain FROM processus WHERE id_processus=1
ParseWithLibpq: plan_name=_PLAN0x55b6afb7cb40 query=SELECT nombre_bain FROM processus WHERE id_processus=1
ParseAndDescribeWithLibpq: plan_name=_PLAN0x55b6afb81420 query=SELECT ordre_trajectoires FROM intermediaire_processus_trajectoires WHERE id_p=1
ParseWithLibpq: plan_name=_PLAN0x55b6afb81420 query=SELECT ordre_trajectoires FROM intermediaire_processus_trajectoires WHERE id_p=1
ParseAndDescribeWithLibpq: plan_name=_PLAN0x55b6afb8c5c0 query=SELECT duree_processus FROM processus WHERE id_processus=2
ParseWithLibpq: plan_name=_PLAN0x55b6afb8c5c0 query=SELECT duree_processus FROM processus WHERE id_processus=2
ParseAndDescribeWithLibpq: plan_name=_PLAN0x55b6afb909e0 query=SELECT id_t FROM intermediaire_processus_trajectoires WHERE id_p=2
ParseWithLibpq: plan_name=_PLAN0x55b6afb909e0 query=SELECT id_t FROM intermediaire_processus_trajectoires WHERE id_p=2
ParseAndDescribeWithLibpq: plan_name=_PLAN0x55b6afb955d0 query=SELECT id_trajectoire, nom_trajectoire, contenu_trajectoire, duree_trajectoire FROM trajectoires WHERE id_trajectoire=2
ParseWithLibpq: plan_name=_PLAN0x55b6afb955d0 query=SELECT id_trajectoire, nom_trajectoire, contenu_trajectoire, duree_trajectoire FROM trajectoires WHERE id_trajectoire=2
ParseAndDescribeWithLibpq: plan_name=_PLAN0x55b6afb9cc10 query=SELECT id_trajectoire, nom_trajectoire, contenu_trajectoire, duree_trajectoire FROM trajectoires WHERE id_trajectoire=1
ParseWithLibpq: plan_name=_PLAN0x55b6afb9cc10 query=SELECT id_trajectoire, nom_trajectoire, contenu_trajectoire, duree_trajectoire FROM trajectoires WHERE id_trajectoire=1
ParseAndDescribeWithLibpq: plan_name=_PLAN0x55b6afba88b0 query=SELECT nom_processus FROM processus WHERE id_processus=2
ParseWithLibpq: plan_name=_PLAN0x55b6afba88b0 query=SELECT nom_processus FROM processus WHERE id_processus=2
ParseAndDescribeWithLibpq: plan_name=_PLAN0x55b6afbad1f0 query=SELECT nombre_bain FROM processus WHERE id_processus=2
ParseWithLibpq: plan_name=_PLAN0x55b6afbad1f0 query=SELECT nombre_bain FROM processus WHERE id_processus=2
ParseAndDescribeWithLibpq: plan_name=_PLAN0x55b6afbb1d10 query=SELECT ordre_trajectoires FROM intermediaire_processus_trajectoires WHERE id_p=2
ParseWithLibpq: plan_name=_PLAN0x55b6afbb1d10 query=SELECT ordre_trajectoires FROM intermediaire_processus_trajectoires WHERE id_p=2
ParseAndDescribeWithLibpq: plan_name=_PLAN0x55b6afbb8840 query=SELECT duree_processus FROM processus WHERE id_processus=3
ParseWithLibpq: plan_name=_PLAN0x55b6afbb8840 query=SELECT duree_processus FROM processus WHERE id_processus=3
ParseAndDescribeWithLibpq: plan_name=_PLAN0x55b6afbbcbe0 query=SELECT id_t FROM intermediaire_processus_trajectoires WHERE id_p=3
ParseWithLibpq: plan_name=_PLAN0x55b6afbbcbe0 query=SELECT id_t FROM intermediaire_processus_trajectoires WHERE id_p=3
ParseAndDescribeWithLibpq: plan_name=_PLAN0x55b6afbc1710 query=SELECT id_trajectoire, nom_trajectoire, contenu_trajectoire, duree_trajectoire FROM trajectoires WHERE id_trajectoire=1
ParseWithLibpq: plan_name=_PLAN0x55b6afbc1710 query=SELECT id_trajectoire, nom_trajectoire, contenu_trajectoire, duree_trajectoire FROM trajectoires WHERE id_trajectoire=1
ParseAndDescribeWithLibpq: plan_name=_PLAN0x55b6afbcb210 query=SELECT id_trajectoire, nom_trajectoire, contenu_trajectoire, duree_trajectoire FROM trajectoires WHERE id_trajectoire=2
ParseWithLibpq: plan_name=_PLAN0x55b6afbcb210 query=SELECT id_trajectoire, nom_trajectoire, contenu_trajectoire, duree_trajectoire FROM trajectoires WHERE id_trajectoire=2
ParseAndDescribeWithLibpq: plan_name=_PLAN0x55b6afbd4500 query=SELECT id_trajectoire, nom_trajectoire, contenu_trajectoire, duree_trajectoire FROM trajectoires WHERE id_trajectoire=3
ParseWithLibpq: plan_name=_PLAN0x55b6afbd4500 query=SELECT id_trajectoire, nom_trajectoire, contenu_trajectoire, duree_trajectoire FROM trajectoires WHERE id_trajectoire=3
ParseAndDescribeWithLibpq: plan_name=_PLAN0x55b6afbdb960 query=SELECT nom_processus FROM processus WHERE id_processus=3
ParseWithLibpq: plan_name=_PLAN0x55b6afbdb960 query=SELECT nom_processus FROM processus WHERE id_processus=3
ParseAndDescribeWithLibpq: plan_name=_PLAN0x55b6afbe2be0 query=SELECT nombre_bain FROM processus WHERE id_processus=3
ParseWithLibpq: plan_name=_PLAN0x55b6afbe2be0 query=SELECT nombre_bain FROM processus WHERE id_processus=3
ParseAndDescribeWithLibpq: plan_name=_PLAN0x55b6afbe7720 query=SELECT ordre_trajectoires FROM intermediaire_processus_trajectoires WHERE id_p=3
ParseWithLibpq: plan_name=_PLAN0x55b6afbe7720 query=SELECT ordre_trajectoires FROM intermediaire_processus_trajectoires WHERE id_p=3
ParseAndDescribeWithLibpq: plan_name=_PLAN0x55b6afbedad0 query=SELECT duree_processus FROM processus WHERE id_processus=2
ParseWithLibpq: plan_name=_PLAN0x55b6afbedad0 query=SELECT duree_processus FROM processus WHERE id_processus=2
ParseAndDescribeWithLibpq: plan_name=_PLAN0x55b6afbf2b10 query=SELECT nom_processus FROM processus WHERE id_processus=2
ParseWithLibpq: plan_name=_PLAN0x55b6afbf2b10 query=SELECT nom_processus FROM processus WHERE id_processus=2
ParseAndDescribeWithLibpq: plan_name=_PLAN0x55b6afbf7780 query=SELECT nombre_bain FROM processus WHERE id_processus=2
ParseWithLibpq: plan_name=_PLAN0x55b6afbf7780 query=SELECT nombre_bain FROM processus WHERE id_processus=2
ParseAndDescribeWithLibpq: plan_name=_PLAN0x55b6afbfc070 query=SELECT ordre_trajectoires FROM intermediaire_processus_trajectoires WHERE id_p=2
ParseWithLibpq: plan_name=_PLAN0x55b6afbfc070 query=SELECT ordre_trajectoires FROM intermediaire_processus_trajectoires WHERE id_p=2
ParseAndDescribeWithLibpq: plan_name=_PLAN0x55b6afc01930 query=SELECT duree_processus FROM processus WHERE id_processus=3
ParseWithLibpq: plan_name=_PLAN0x55b6afc01930 query=SELECT duree_processus FROM processus WHERE id_processus=3
ParseAndDescribeWithLibpq: plan_name=_PLAN0x55b6afc05d60 query=SELECT nom_processus FROM processus WHERE id_processus=3
ParseWithLibpq: plan_name=_PLAN0x55b6afc05d60 query=SELECT nom_processus FROM processus WHERE id_processus=3
ParseAndDescribeWithLibpq: plan_name=_PLAN0x55b6afc0a930 query=SELECT nombre_bain FROM processus WHERE id_processus=3
ParseWithLibpq: plan_name=_PLAN0x55b6afc0a930 query=SELECT nombre_bain FROM processus WHERE id_processus=3
ParseAndDescribeWithLibpq: plan_name=_PLAN0x55b6afc0f220 query=SELECT ordre_trajectoires FROM intermediaire_processus_trajectoires WHERE id_p=3
ParseWithLibpq: plan_name=_PLAN0x55b6afc0f220 query=SELECT ordre_trajectoires FROM intermediaire_processus_trajectoires WHERE id_p=3
ParseAndDescribeWithLibpq: plan_name=_PLAN0x55b6afc14c00 query=SELECT duree_processus FROM processus WHERE id_processus=2
ParseWithLibpq: plan_name=_PLAN0x55b6afc14c00 query=SELECT duree_processus FROM processus WHERE id_processus=2
ParseAndDescribeWithLibpq: plan_name=_PLAN0x55b6afb78a80 query=SELECT nombre_bain FROM processus WHERE id_processus=2
ParseWithLibpq: plan_name=_PLAN0x55b6afb78a80 query=SELECT nombre_bain FROM processus WHERE id_processus=2
ParseAndDescribeWithLibpq: plan_name=_PLAN0x55b6afc1c1f0 query=SELECT ordre_trajectoires FROM intermediaire_processus_trajectoires WHERE id_p=2
ParseWithLibpq: plan_name=_PLAN0x55b6afc1c1f0 query=SELECT ordre_trajectoires FROM intermediaire_processus_trajectoires WHERE id_p=2
ParseAndDescribeWithLibpq: plan_name=_PLAN0x55b6afc20d40 query=SELECT duree_processus FROM processus WHERE id_processus=1
ParseWithLibpq: plan_name=_PLAN0x55b6afc20d40 query=SELECT duree_processus FROM processus WHERE id_processus=1
ParseAndDescribeWithLibpq: plan_name=_PLAN0x55b6afc253a0 query=SELECT nombre_bain FROM processus WHERE id_processus=1
ParseWithLibpq: plan_name=_PLAN0x55b6afc253a0 query=SELECT nombre_bain FROM processus WHERE id_processus=1
ParseAndDescribeWithLibpq: plan_name=_PLAN0x55b6afc2a1b0 query=SELECT ordre_trajectoires FROM intermediaire_processus_trajectoires WHERE id_p=1
ParseWithLibpq: plan_name=_PLAN0x55b6afc2a1b0 query=SELECT ordre_trajectoires FROM intermediaire_processus_trajectoires WHERE id_p=1
ParseAndDescribeWithLibpq: plan_name=_PLAN0x55b6afc2f7f0 query=SELECT duree_processus FROM processus WHERE id_processus=3
ParseWithLibpq: plan_name=_PLAN0x55b6afc2f7f0 query=SELECT duree_processus FROM processus WHERE id_processus=3
ParseAndDescribeWithLibpq: plan_name=_PLAN0x55b6afc33ba0 query=SELECT nombre_bain FROM processus WHERE id_processus=3
ParseWithLibpq: plan_name=_PLAN0x55b6afc33ba0 query=SELECT nombre_bain FROM processus WHERE id_processus=3
ParseAndDescribeWithLibpq: plan_name=_PLAN0x55b6afc389a0 query=SELECT ordre_trajectoires FROM intermediaire_processus_trajectoires WHERE id_p=3
ParseWithLibpq: plan_name=_PLAN0x55b6afc389a0 query=SELECT ordre_trajectoires FROM intermediaire_processus_trajectoires WHERE id_p=3
ParseAndDescribeWithLibpq: plan_name=_PLAN0x55b6afc3dff0 query=SELECT duree_processus FROM processus WHERE id_processus=1
ParseWithLibpq: plan_name=_PLAN0x55b6afc3dff0 query=SELECT duree_processus FROM processus WHERE id_processus=1
ParseAndDescribeWithLibpq: plan_name=_PLAN0x55b6afc41ec0 query=SELECT nombre_bain FROM processus WHERE id_processus=1
ParseWithLibpq: plan_name=_PLAN0x55b6afc41ec0 query=SELECT nombre_bain FROM processus WHERE id_processus=1
ParseAndDescribeWithLibpq: plan_name=_PLAN0x55b6afc46cb0 query=SELECT ordre_trajectoires FROM intermediaire_processus_trajectoires WHERE id_p=1
ParseWithLibpq: plan_name=_PLAN0x55b6afc46cb0 query=SELECT ordre_trajectoires FROM intermediaire_processus_trajectoires WHERE id_p=1
ParseAndDescribeWithLibpq: plan_name=_PLAN0x55b6afc4c450 query=SELECT duree_processus FROM processus WHERE id_processus=3
ParseWithLibpq: plan_name=_PLAN0x55b6afc4c450 query=SELECT duree_processus FROM processus WHERE id_processus=3
ParseAndDescribeWithLibpq: plan_name=_PLAN0x55b6afc510b0 query=SELECT nombre_bain FROM processus WHERE id_processus=3
ParseWithLibpq: plan_name=_PLAN0x55b6afc510b0 query=SELECT nombre_bain FROM processus WHERE id_processus=3
ParseAndDescribeWithLibpq: plan_name=_PLAN0x55b6afc55bd0 query=SELECT ordre_trajectoires FROM intermediaire_processus_trajectoires WHERE id_p=3
ParseWithLibpq: plan_name=_PLAN0x55b6afc55bd0 query=SELECT ordre_trajectoires FROM intermediaire_processus_trajectoires WHERE id_p=3
ParseAndDescribeWithLibpq: plan_name=_PLAN0x55b6afc5b220 query=SELECT duree_processus FROM processus WHERE id_processus=1
ParseWithLibpq: plan_name=_PLAN0x55b6afc5b220 query=SELECT duree_processus FROM processus WHERE id_processus=1
ParseAndDescribeWithLibpq: plan_name=_PLAN0x55b6afc5f220 query=SELECT nombre_bain FROM processus WHERE id_processus=1
ParseWithLibpq: plan_name=_PLAN0x55b6afc5f220 query=SELECT nombre_bain FROM processus WHERE id_processus=1
ParseAndDescribeWithLibpq: plan_name=_PLAN0x55b6afc63ee0 query=SELECT ordre_trajectoires FROM intermediaire_processus_trajectoires WHERE id_p=1
ParseWithLibpq: plan_name=_PLAN0x55b6afc63ee0 query=SELECT ordre_trajectoires FROM intermediaire_processus_trajectoires WHERE id_p=1
ParseAndDescribeWithLibpq: plan_name=_PLAN0x55b6afc697e0 query=SELECT duree_processus FROM processus WHERE id_processus=2
ParseWithLibpq: plan_name=_PLAN0x55b6afc697e0 query=SELECT duree_processus FROM processus WHERE id_processus=2
ParseAndDescribeWithLibpq: plan_name=_PLAN0x55b6afc6e230 query=SELECT nombre_bain FROM processus WHERE id_processus=2
ParseWithLibpq: plan_name=_PLAN0x55b6afc6e230 query=SELECT nombre_bain FROM processus WHERE id_processus=2
ParseAndDescribeWithLibpq: plan_name=_PLAN0x55b6afc72ba0 query=SELECT ordre_trajectoires FROM intermediaire_processus_trajectoires WHERE id_p=2
ParseWithLibpq: plan_name=_PLAN0x55b6afc72ba0 query=SELECT ordre_trajectoires FROM intermediaire_processus_trajectoires WHERE id_p=2
ParseAndDescribeWithLibpq: plan_name=_PLAN0x55b6afc78480 query=SELECT duree_processus FROM processus WHERE id_processus=3
ParseWithLibpq: plan_name=_PLAN0x55b6afc78480 query=SELECT duree_processus FROM processus WHERE id_processus=3
ParseAndDescribeWithLibpq: plan_name=_PLAN0x55b6afc7c0f0 query=SELECT nombre_bain FROM processus WHERE id_processus=3
ParseWithLibpq: plan_name=_PLAN0x55b6afc7c0f0 query=SELECT nombre_bain FROM processus WHERE id_processus=3
ParseAndDescribeWithLibpq: plan_name=_PLAN0x55b6afc80ec0 query=SELECT ordre_trajectoires FROM intermediaire_processus_trajectoires WHERE id_p=3
ParseWithLibpq: plan_name=_PLAN0x55b6afc80ec0 query=SELECT ordre_trajectoires FROM intermediaire_processus_trajectoires WHERE id_p=3
