conn=0x557c237b58e0, PGAPI_DriverConnect( in)='DSN=Anodisation', fDriverCompletion=0
DSN info: DSN='Anodisation',server='serveursn',port='5432',dbase='Anodisation_test',user='fprovost',passwd='xxxxx'
          onlyread='',showoid='',fakeoidindex='',showsystable=''
          conn_settings='(null)', conn_encoding='(null)'
          translation_dll='',translation_option=''
Driver Version='09.05.0400,'
Global Options: fetch=100, unknown_sizes=0, max_varchar_size=255, max_longvarchar_size=8190
                unique_index=1, use_declarefetch=0
                text_as_longvarchar=1, unknowns_as_longvarchar=0, bools_as_char=1 NAMEDATALEN=64
                extra_systable_prefixes='dd_', conn_settings='(null)' conn_encoding=''
conn=0x557c237b58e0, query='SET DateStyle = 'ISO''
conn=0x557c237b58e0, query='SET extra_float_digits = 2'
conn=0x557c237b58e0, query='select oid, typbasetype from pg_type where typname = 'lo''
    [ Large Object oid = -999 ]
    [ Client encoding = 'UTF8' (code = 6) ]
conn=0x557c237b58e0, PGAPI_DriverConnect(out)='DSN=Anodisation;DATABASE=Anodisation_test;SERVER=serveursn;PORT=5432;UID=fprovost;PWD=afulot39;CA=d;A6=;A7=100;B0=255;B1=8190;BI=0;C2=dd_;CX=1c205048a;A1=7.4'
ParseAndDescribeWithLibpq: plan_name=_PLAN0x557c2388fe10 query=SELECT id_processus, nom_processus FROM processus ORDER BY id_processus
ParseWithLibpq: plan_name=_PLAN0x557c2388fe10 query=SELECT id_processus, nom_processus FROM processus ORDER BY id_processus
conn=0x557c237b58e0, query='select n.nspname, c.relname, a.attname, a.atttypid, t.typname, a.attnum, a.attlen, a.atttypmod, a.attnotnull, c.relhasrules, c.relkind, c.oid, pg_get_expr(d.adbin, d.adrelid), case t.typtype when 'd' then t.typbasetype else 0 end, t.typtypmod, c.relhasoids from (((pg_catalog.pg_class c inner join pg_catalog.pg_namespace n on n.oid = c.relnamespace and c.oid = 27621) inner join pg_catalog.pg_attribute a on (not a.attisdropped) and a.attnum > 0 and a.attrelid = c.oid) inner join pg_catalog.pg_type t on t.oid = a.atttypid) left outer join pg_attrdef d on a.atthasdef and d.adrelid = a.attrelid and d.adnum = a.attnum order by n.nspname, c.relname, attnum'
PGAPI_Columns: table='processus',field_name='id_processus',type=23,name='int4'
PGAPI_Columns: table='processus',field_name='nom_processus',type=1042,name='bpchar'
PGAPI_Columns: table='processus',field_name='processus_valide',type=16,name='bool'
PGAPI_Columns: table='processus',field_name='duree_processus',type=1083,name='time'
ParseAndDescribeWithLibpq: plan_name=_PLAN0x557c238145f0 query=SELECT * FROM trajectoires ORDER BY id_trajectoire
ParseWithLibpq: plan_name=_PLAN0x557c238145f0 query=SELECT * FROM trajectoires ORDER BY id_trajectoire
conn=0x557c237b58e0, query='select n.nspname, c.relname, a.attname, a.atttypid, t.typname, a.attnum, a.attlen, a.atttypmod, a.attnotnull, c.relhasrules, c.relkind, c.oid, pg_get_expr(d.adbin, d.adrelid), case t.typtype when 'd' then t.typbasetype else 0 end, t.typtypmod, c.relhasoids from (((pg_catalog.pg_class c inner join pg_catalog.pg_namespace n on n.oid = c.relnamespace and c.oid = 27630) inner join pg_catalog.pg_attribute a on (not a.attisdropped) and a.attnum > 0 and a.attrelid = c.oid) inner join pg_catalog.pg_type t on t.oid = a.atttypid) left outer join pg_attrdef d on a.atthasdef and d.adrelid = a.attrelid and d.adnum = a.attnum order by n.nspname, c.relname, attnum'
PGAPI_Columns: table='trajectoires',field_name='id_trajectoire',type=23,name='int4'
PGAPI_Columns: table='trajectoires',field_name='nom_trajectoire',type=1042,name='bpchar'
PGAPI_Columns: table='trajectoires',field_name='contenu_trajectoire',type=25,name='text'
PGAPI_Columns: table='trajectoires',field_name='duree_trajectoire',type=1083,name='time'
ParseAndDescribeWithLibpq: plan_name=_PLAN0x557c23889360 query=SELECT duree_processus FROM processus WHERE id_processus=1
ParseWithLibpq: plan_name=_PLAN0x557c23889360 query=SELECT duree_processus FROM processus WHERE id_processus=1
ParseAndDescribeWithLibpq: plan_name=_PLAN0x557c238b10f0 query=SELECT id_t FROM intermediaire_processus_trajectoires WHERE id_p=1
ParseWithLibpq: plan_name=_PLAN0x557c238b10f0 query=SELECT id_t FROM intermediaire_processus_trajectoires WHERE id_p=1
conn=0x557c237b58e0, query='select n.nspname, c.relname, a.attname, a.atttypid, t.typname, a.attnum, a.attlen, a.atttypmod, a.attnotnull, c.relhasrules, c.relkind, c.oid, pg_get_expr(d.adbin, d.adrelid), case t.typtype when 'd' then t.typbasetype else 0 end, t.typtypmod, c.relhasoids from (((pg_catalog.pg_class c inner join pg_catalog.pg_namespace n on n.oid = c.relnamespace and c.oid = 27650) inner join pg_catalog.pg_attribute a on (not a.attisdropped) and a.attnum > 0 and a.attrelid = c.oid) inner join pg_catalog.pg_type t on t.oid = a.atttypid) left outer join pg_attrdef d on a.atthasdef and d.adrelid = a.attrelid and d.adnum = a.attnum order by n.nspname, c.relname, attnum'
PGAPI_Columns: table='intermediaire_processus_trajectoires',field_name='id_p',type=23,name='int4'
PGAPI_Columns: table='intermediaire_processus_trajectoires',field_name='id_t',type=23,name='int4'
PGAPI_Columns: table='intermediaire_processus_trajectoires',field_name='ordre_trajectoires',type=25,name='text'
PGAPI_Columns: table='intermediaire_processus_trajectoires',field_name='numero_bain',type=23,name='int4'
PGAPI_Columns: table='intermediaire_processus_trajectoires',field_name='duree_bain',type=1083,name='time'
ParseAndDescribeWithLibpq: plan_name=_PLAN0x557c238b4dc0 query=SELECT id_trajectoire, nom_trajectoire, contenu_trajectoire, duree_trajectoire FROM trajectoires WHERE id_trajectoire=1
ParseWithLibpq: plan_name=_PLAN0x557c238b4dc0 query=SELECT id_trajectoire, nom_trajectoire, contenu_trajectoire, duree_trajectoire FROM trajectoires WHERE id_trajectoire=1
ParseAndDescribeWithLibpq: plan_name=_PLAN0x557c238ca130 query=SELECT id_trajectoire, nom_trajectoire, contenu_trajectoire, duree_trajectoire FROM trajectoires WHERE id_trajectoire=2
ParseWithLibpq: plan_name=_PLAN0x557c238ca130 query=SELECT id_trajectoire, nom_trajectoire, contenu_trajectoire, duree_trajectoire FROM trajectoires WHERE id_trajectoire=2
ParseAndDescribeWithLibpq: plan_name=_PLAN0x557c238d1a00 query=SELECT nom_processus FROM processus WHERE id_processus=1
ParseWithLibpq: plan_name=_PLAN0x557c238d1a00 query=SELECT nom_processus FROM processus WHERE id_processus=1
ParseAndDescribeWithLibpq: plan_name=_PLAN0x557c238d8b50 query=SELECT ordre_trajectoires FROM intermediaire_processus_trajectoires WHERE id_p=1
ParseWithLibpq: plan_name=_PLAN0x557c238d8b50 query=SELECT ordre_trajectoires FROM intermediaire_processus_trajectoires WHERE id_p=1
ParseAndDescribeWithLibpq: plan_name=_PLAN0x557c238e1470 query=SELECT duree_processus FROM processus WHERE id_processus=2
ParseWithLibpq: plan_name=_PLAN0x557c238e1470 query=SELECT duree_processus FROM processus WHERE id_processus=2
ParseAndDescribeWithLibpq: plan_name=_PLAN0x557c238e5e00 query=SELECT id_t FROM intermediaire_processus_trajectoires WHERE id_p=2
ParseWithLibpq: plan_name=_PLAN0x557c238e5e00 query=SELECT id_t FROM intermediaire_processus_trajectoires WHERE id_p=2
ParseAndDescribeWithLibpq: plan_name=_PLAN0x557c238ea930 query=SELECT id_trajectoire, nom_trajectoire, contenu_trajectoire, duree_trajectoire FROM trajectoires WHERE id_trajectoire=2
ParseWithLibpq: plan_name=_PLAN0x557c238ea930 query=SELECT id_trajectoire, nom_trajectoire, contenu_trajectoire, duree_trajectoire FROM trajectoires WHERE id_trajectoire=2
ParseAndDescribeWithLibpq: plan_name=_PLAN0x557c238f1f60 query=SELECT id_trajectoire, nom_trajectoire, contenu_trajectoire, duree_trajectoire FROM trajectoires WHERE id_trajectoire=1
ParseWithLibpq: plan_name=_PLAN0x557c238f1f60 query=SELECT id_trajectoire, nom_trajectoire, contenu_trajectoire, duree_trajectoire FROM trajectoires WHERE id_trajectoire=1
ParseAndDescribeWithLibpq: plan_name=_PLAN0x557c238fdbc0 query=SELECT nom_processus FROM processus WHERE id_processus=2
ParseWithLibpq: plan_name=_PLAN0x557c238fdbc0 query=SELECT nom_processus FROM processus WHERE id_processus=2
ParseAndDescribeWithLibpq: plan_name=_PLAN0x557c23902310 query=SELECT ordre_trajectoires FROM intermediaire_processus_trajectoires WHERE id_p=2
ParseWithLibpq: plan_name=_PLAN0x557c23902310 query=SELECT ordre_trajectoires FROM intermediaire_processus_trajectoires WHERE id_p=2
ParseAndDescribeWithLibpq: plan_name=_PLAN0x557c23909620 query=SELECT duree_processus FROM processus WHERE id_processus=3
ParseWithLibpq: plan_name=_PLAN0x557c23909620 query=SELECT duree_processus FROM processus WHERE id_processus=3
ParseAndDescribeWithLibpq: plan_name=_PLAN0x557c2390dd10 query=SELECT id_t FROM intermediaire_processus_trajectoires WHERE id_p=3
ParseWithLibpq: plan_name=_PLAN0x557c2390dd10 query=SELECT id_t FROM intermediaire_processus_trajectoires WHERE id_p=3
ParseAndDescribeWithLibpq: plan_name=_PLAN0x557c23912900 query=SELECT id_trajectoire, nom_trajectoire, contenu_trajectoire, duree_trajectoire FROM trajectoires WHERE id_trajectoire=1
ParseWithLibpq: plan_name=_PLAN0x557c23912900 query=SELECT id_trajectoire, nom_trajectoire, contenu_trajectoire, duree_trajectoire FROM trajectoires WHERE id_trajectoire=1
ParseAndDescribeWithLibpq: plan_name=_PLAN0x557c2391c680 query=SELECT id_trajectoire, nom_trajectoire, contenu_trajectoire, duree_trajectoire FROM trajectoires WHERE id_trajectoire=2
ParseWithLibpq: plan_name=_PLAN0x557c2391c680 query=SELECT id_trajectoire, nom_trajectoire, contenu_trajectoire, duree_trajectoire FROM trajectoires WHERE id_trajectoire=2
ParseAndDescribeWithLibpq: plan_name=_PLAN0x557c23925940 query=SELECT id_trajectoire, nom_trajectoire, contenu_trajectoire, duree_trajectoire FROM trajectoires WHERE id_trajectoire=3
ParseWithLibpq: plan_name=_PLAN0x557c23925940 query=SELECT id_trajectoire, nom_trajectoire, contenu_trajectoire, duree_trajectoire FROM trajectoires WHERE id_trajectoire=3
ParseAndDescribeWithLibpq: plan_name=_PLAN0x557c2392cd90 query=SELECT nom_processus FROM processus WHERE id_processus=3
ParseWithLibpq: plan_name=_PLAN0x557c2392cd90 query=SELECT nom_processus FROM processus WHERE id_processus=3
ParseAndDescribeWithLibpq: plan_name=_PLAN0x557c23934000 query=SELECT ordre_trajectoires FROM intermediaire_processus_trajectoires WHERE id_p=3
ParseWithLibpq: plan_name=_PLAN0x557c23934000 query=SELECT ordre_trajectoires FROM intermediaire_processus_trajectoires WHERE id_p=3
ParseAndDescribeWithLibpq: plan_name=_PLAN0x557c23939ce0 query=SELECT duree_processus FROM processus WHERE id_processus=4
ParseWithLibpq: plan_name=_PLAN0x557c23939ce0 query=SELECT duree_processus FROM processus WHERE id_processus=4
ParseAndDescribeWithLibpq: plan_name=_PLAN0x557c2393e040 query=SELECT id_t FROM intermediaire_processus_trajectoires WHERE id_p=4
ParseWithLibpq: plan_name=_PLAN0x557c2393e040 query=SELECT id_t FROM intermediaire_processus_trajectoires WHERE id_p=4
ParseAndDescribeWithLibpq: plan_name=_PLAN0x557c23942c70 query=SELECT id_trajectoire, nom_trajectoire, contenu_trajectoire, duree_trajectoire FROM trajectoires WHERE id_trajectoire=3
ParseWithLibpq: plan_name=_PLAN0x557c23942c70 query=SELECT id_trajectoire, nom_trajectoire, contenu_trajectoire, duree_trajectoire FROM trajectoires WHERE id_trajectoire=3
ParseAndDescribeWithLibpq: plan_name=_PLAN0x557c2394a100 query=SELECT id_trajectoire, nom_trajectoire, contenu_trajectoire, duree_trajectoire FROM trajectoires WHERE id_trajectoire=1
ParseWithLibpq: plan_name=_PLAN0x557c2394a100 query=SELECT id_trajectoire, nom_trajectoire, contenu_trajectoire, duree_trajectoire FROM trajectoires WHERE id_trajectoire=1
ParseAndDescribeWithLibpq: plan_name=_PLAN0x557c23955e70 query=SELECT nom_processus FROM processus WHERE id_processus=4
ParseWithLibpq: plan_name=_PLAN0x557c23955e70 query=SELECT nom_processus FROM processus WHERE id_processus=4
ParseAndDescribeWithLibpq: plan_name=_PLAN0x557c23959de0 query=SELECT ordre_trajectoires FROM intermediaire_processus_trajectoires WHERE id_p=4
ParseWithLibpq: plan_name=_PLAN0x557c23959de0 query=SELECT ordre_trajectoires FROM intermediaire_processus_trajectoires WHERE id_p=4
ParseAndDescribeWithLibpq: plan_name=_PLAN0x557c23964710 query=SELECT duree_processus FROM processus WHERE id_processus=1
ParseWithLibpq: plan_name=_PLAN0x557c23964710 query=SELECT duree_processus FROM processus WHERE id_processus=1
ParseAndDescribeWithLibpq: plan_name=_PLAN0x557c23969500 query=SELECT nom_processus FROM processus WHERE id_processus=1
ParseWithLibpq: plan_name=_PLAN0x557c23969500 query=SELECT nom_processus FROM processus WHERE id_processus=1
ParseAndDescribeWithLibpq: plan_name=_PLAN0x557c2396e250 query=SELECT ordre_trajectoires FROM intermediaire_processus_trajectoires WHERE id_p=1
ParseWithLibpq: plan_name=_PLAN0x557c2396e250 query=SELECT ordre_trajectoires FROM intermediaire_processus_trajectoires WHERE id_p=1
ParseAndDescribeWithLibpq: plan_name=_PLAN0x557c23976290 query=SELECT duree_processus FROM processus WHERE id_processus=2
ParseWithLibpq: plan_name=_PLAN0x557c23976290 query=SELECT duree_processus FROM processus WHERE id_processus=2
ParseAndDescribeWithLibpq: plan_name=_PLAN0x557c23979d70 query=SELECT nom_processus FROM processus WHERE id_processus=2
ParseWithLibpq: plan_name=_PLAN0x557c23979d70 query=SELECT nom_processus FROM processus WHERE id_processus=2
ParseAndDescribeWithLibpq: plan_name=_PLAN0x557c2397ea10 query=SELECT ordre_trajectoires FROM intermediaire_processus_trajectoires WHERE id_p=2
ParseWithLibpq: plan_name=_PLAN0x557c2397ea10 query=SELECT ordre_trajectoires FROM intermediaire_processus_trajectoires WHERE id_p=2
ParseAndDescribeWithLibpq: plan_name=_PLAN0x557c23984490 query=SELECT duree_processus FROM processus WHERE id_processus=3
ParseWithLibpq: plan_name=_PLAN0x557c23984490 query=SELECT duree_processus FROM processus WHERE id_processus=3
ParseAndDescribeWithLibpq: plan_name=_PLAN0x557c23988b60 query=SELECT nom_processus FROM processus WHERE id_processus=3
ParseWithLibpq: plan_name=_PLAN0x557c23988b60 query=SELECT nom_processus FROM processus WHERE id_processus=3
ParseAndDescribeWithLibpq: plan_name=_PLAN0x557c2398d5f0 query=SELECT ordre_trajectoires FROM intermediaire_processus_trajectoires WHERE id_p=3
ParseWithLibpq: plan_name=_PLAN0x557c2398d5f0 query=SELECT ordre_trajectoires FROM intermediaire_processus_trajectoires WHERE id_p=3
ParseAndDescribeWithLibpq: plan_name=_PLAN0x557c23993240 query=SELECT duree_processus FROM processus WHERE id_processus=4
ParseWithLibpq: plan_name=_PLAN0x557c23993240 query=SELECT duree_processus FROM processus WHERE id_processus=4
ParseAndDescribeWithLibpq: plan_name=_PLAN0x557c23997460 query=SELECT nom_processus FROM processus WHERE id_processus=4
ParseWithLibpq: plan_name=_PLAN0x557c23997460 query=SELECT nom_processus FROM processus WHERE id_processus=4
ParseAndDescribeWithLibpq: plan_name=_PLAN0x557c2399c2c0 query=SELECT ordre_trajectoires FROM intermediaire_processus_trajectoires WHERE id_p=4
ParseWithLibpq: plan_name=_PLAN0x557c2399c2c0 query=SELECT ordre_trajectoires FROM intermediaire_processus_trajectoires WHERE id_p=4
